{"total": {"lines":{"total":72646,"covered":7782,"skipped":0,"pct":10.71},"statements":{"total":72646,"covered":7782,"skipped":0,"pct":10.71},"functions":{"total":926,"covered":373,"skipped":0,"pct":40.28},"branches":{"total":1988,"covered":1235,"skipped":0,"pct":62.12},"branchesTrue":{"total":0,"covered":0,"skipped":0,"pct":100}}
,"/Volumes/San/employee-performance-analyzer/App.tsx": {"lines":{"total":351,"covered":0,"skipped":0,"pct":0},"functions":{"total":1,"covered":0,"skipped":0,"pct":0},"statements":{"total":351,"covered":0,"skipped":0,"pct":0},"branches":{"total":1,"covered":0,"skipped":0,"pct":0}}
,"/Volumes/San/employee-performance-analyzer/electron-config.ts": {"lines":{"total":50,"covered":0,"skipped":0,"pct":0},"functions":{"total":1,"covered":0,"skipped":0,"pct":0},"statements":{"total":50,"covered":0,"skipped":0,"pct":0},"branches":{"total":1,"covered":0,"skipped":0,"pct":0}}
,"/Volumes/San/employee-performance-analyzer/index.tsx": {"lines":{"total":21,"covered":0,"skipped":0,"pct":0},"functions":{"total":1,"covered":0,"skipped":0,"pct":0},"statements":{"total":21,"covered":0,"skipped":0,"pct":0},"branches":{"total":1,"covered":0,"skipped":0,"pct":0}}
,"/Volumes/San/employee-performance-analyzer/main.ts": {"lines":{"total":556,"covered":0,"skipped":0,"pct":0},"functions":{"total":1,"covered":0,"skipped":0,"pct":0},"statements":{"total":556,"covered":0,"skipped":0,"pct":0},"branches":{"total":1,"covered":0,"skipped":0,"pct":0}}
,"/Volumes/San/employee-performance-analyzer/server-entry.cjs": {"lines":{"total":47,"covered":0,"skipped":0,"pct":0},"functions":{"total":1,"covered":0,"skipped":0,"pct":0},"statements":{"total":47,"covered":0,"skipped":0,"pct":0},"branches":{"total":1,"covered":0,"skipped":0,"pct":0}}
,"/Volumes/San/employee-performance-analyzer/types.ts": {"lines":{"total":14,"covered":0,"skipped":0,"pct":0},"functions":{"total":1,"covered":0,"skipped":0,"pct":0},"statements":{"total":14,"covered":0,"skipped":0,"pct":0},"branches":{"total":1,"covered":0,"skipped":0,"pct":0}}
,"/Volumes/San/employee-performance-analyzer/.claude/hooks/hybrid-app/quality-check.cjs": {"lines":{"total":729,"covered":0,"skipped":0,"pct":0},"functions":{"total":1,"covered":0,"skipped":0,"pct":0},"statements":{"total":729,"covered":0,"skipped":0,"pct":0},"branches":{"total":1,"covered":0,"skipped":0,"pct":0}}
,"/Volumes/San/employee-performance-analyzer/.claude/hooks/hybrid-app/quality-check.js": {"lines":{"total":433,"covered":0,"skipped":0,"pct":0},"functions":{"total":1,"covered":0,"skipped":0,"pct":0},"statements":{"total":433,"covered":0,"skipped":0,"pct":0},"branches":{"total":1,"covered":0,"skipped":0,"pct":0}}
,"/Volumes/San/employee-performance-analyzer/components/dashboard/DashboardOverview.tsx": {"lines":{"total":883,"covered":0,"skipped":0,"pct":0},"functions":{"total":1,"covered":0,"skipped":0,"pct":0},"statements":{"total":883,"covered":0,"skipped":0,"pct":0},"branches":{"total":1,"covered":0,"skipped":0,"pct":0}}
,"/Volumes/San/employee-performance-analyzer/components/dashboard/RekapKinerja.tsx": {"lines":{"total":549,"covered":0,"skipped":0,"pct":0},"functions":{"total":1,"covered":0,"skipped":0,"pct":0},"statements":{"total":549,"covered":0,"skipped":0,"pct":0},"branches":{"total":1,"covered":0,"skipped":0,"pct":0}}
,"/Volumes/San/employee-performance-analyzer/components/dashboard/TableView.tsx": {"lines":{"total":385,"covered":0,"skipped":0,"pct":0},"functions":{"total":1,"covered":0,"skipped":0,"pct":0},"statements":{"total":385,"covered":0,"skipped":0,"pct":0},"branches":{"total":1,"covered":0,"skipped":0,"pct":0}}
,"/Volumes/San/employee-performance-analyzer/components/dashboard/charts/CompetencyHeatMap.tsx": {"lines":{"total":258,"covered":0,"skipped":0,"pct":0},"functions":{"total":1,"covered":0,"skipped":0,"pct":0},"statements":{"total":258,"covered":0,"skipped":0,"pct":0},"branches":{"total":1,"covered":0,"skipped":0,"pct":0}}
,"/Volumes/San/employee-performance-analyzer/components/dashboard/charts/CompetencyRadarChart.tsx": {"lines":{"total":193,"covered":0,"skipped":0,"pct":0},"functions":{"total":1,"covered":0,"skipped":0,"pct":0},"statements":{"total":193,"covered":0,"skipped":0,"pct":0},"branches":{"total":1,"covered":0,"skipped":0,"pct":0}}
,"/Volumes/San/employee-performance-analyzer/components/dashboard/charts/EmployeeDistributionDonut.tsx": {"lines":{"total":210,"covered":0,"skipped":0,"pct":0},"functions":{"total":1,"covered":0,"skipped":0,"pct":0},"statements":{"total":210,"covered":0,"skipped":0,"pct":0},"branches":{"total":1,"covered":0,"skipped":0,"pct":0}}
,"/Volumes/San/employee-performance-analyzer/components/dashboard/charts/PerformanceTrendChart.tsx": {"lines":{"total":200,"covered":0,"skipped":0,"pct":0},"functions":{"total":1,"covered":0,"skipped":0,"pct":0},"statements":{"total":200,"covered":0,"skipped":0,"pct":0},"branches":{"total":1,"covered":0,"skipped":0,"pct":0}}
,"/Volumes/San/employee-performance-analyzer/components/dashboard/charts/ProgressGaugeCluster.tsx": {"lines":{"total":294,"covered":0,"skipped":0,"pct":0},"functions":{"total":1,"covered":0,"skipped":0,"pct":0},"statements":{"total":294,"covered":0,"skipped":0,"pct":0},"branches":{"total":1,"covered":0,"skipped":0,"pct":0}}
,"/Volumes/San/employee-performance-analyzer/components/data/DataInput.tsx": {"lines":{"total":149,"covered":0,"skipped":0,"pct":0},"functions":{"total":1,"covered":0,"skipped":0,"pct":0},"statements":{"total":149,"covered":0,"skipped":0,"pct":0},"branches":{"total":1,"covered":0,"skipped":0,"pct":0}}
,"/Volumes/San/employee-performance-analyzer/components/data/DataManagement.tsx": {"lines":{"total":917,"covered":0,"skipped":0,"pct":0},"functions":{"total":1,"covered":0,"skipped":0,"pct":0},"statements":{"total":917,"covered":0,"skipped":0,"pct":0},"branches":{"total":1,"covered":0,"skipped":0,"pct":0}}
,"/Volumes/San/employee-performance-analyzer/components/data/DataManagementRefactored.tsx": {"lines":{"total":508,"covered":0,"skipped":0,"pct":0},"functions":{"total":1,"covered":0,"skipped":0,"pct":0},"statements":{"total":508,"covered":0,"skipped":0,"pct":0},"branches":{"total":1,"covered":0,"skipped":0,"pct":0}}
,"/Volumes/San/employee-performance-analyzer/components/data/DatasetViewer.tsx": {"lines":{"total":98,"covered":0,"skipped":0,"pct":0},"functions":{"total":1,"covered":0,"skipped":0,"pct":0},"statements":{"total":98,"covered":0,"skipped":0,"pct":0},"branches":{"total":1,"covered":0,"skipped":0,"pct":0}}
,"/Volumes/San/employee-performance-analyzer/components/data/ImportZone.tsx": {"lines":{"total":129,"covered":0,"skipped":0,"pct":0},"functions":{"total":1,"covered":0,"skipped":0,"pct":0},"statements":{"total":129,"covered":0,"skipped":0,"pct":0},"branches":{"total":1,"covered":0,"skipped":0,"pct":0}}
,"/Volumes/San/employee-performance-analyzer/components/data/SessionManager.tsx": {"lines":{"total":227,"covered":0,"skipped":0,"pct":0},"functions":{"total":1,"covered":0,"skipped":0,"pct":0},"statements":{"total":227,"covered":0,"skipped":0,"pct":0},"branches":{"total":1,"covered":0,"skipped":0,"pct":0}}
,"/Volumes/San/employee-performance-analyzer/components/data/ValidationDisplay.tsx": {"lines":{"total":121,"covered":0,"skipped":0,"pct":0},"functions":{"total":1,"covered":0,"skipped":0,"pct":0},"statements":{"total":121,"covered":0,"skipped":0,"pct":0},"branches":{"total":1,"covered":0,"skipped":0,"pct":0}}
,"/Volumes/San/employee-performance-analyzer/components/data/ValidationFeedback.tsx": {"lines":{"total":168,"covered":0,"skipped":0,"pct":0},"functions":{"total":1,"covered":0,"skipped":0,"pct":0},"statements":{"total":168,"covered":0,"skipped":0,"pct":0},"branches":{"total":1,"covered":0,"skipped":0,"pct":0}}
,"/Volumes/San/employee-performance-analyzer/components/data/VirtualizedEmployeeList.tsx": {"lines":{"total":55,"covered":0,"skipped":0,"pct":0},"functions":{"total":1,"covered":0,"skipped":0,"pct":0},"statements":{"total":55,"covered":0,"skipped":0,"pct":0},"branches":{"total":1,"covered":0,"skipped":0,"pct":0}}
,"/Volumes/San/employee-performance-analyzer/components/employees/AddEmployeeForm.tsx": {"lines":{"total":257,"covered":7,"skipped":0,"pct":2.72},"functions":{"total":1,"covered":0,"skipped":0,"pct":0},"statements":{"total":257,"covered":7,"skipped":0,"pct":2.72},"branches":{"total":0,"covered":0,"skipped":0,"pct":100}}
,"/Volumes/San/employee-performance-analyzer/components/employees/EmployeeAnalytics.tsx": {"lines":{"total":200,"covered":0,"skipped":0,"pct":0},"functions":{"total":1,"covered":0,"skipped":0,"pct":0},"statements":{"total":200,"covered":0,"skipped":0,"pct":0},"branches":{"total":1,"covered":0,"skipped":0,"pct":0}}
,"/Volumes/San/employee-performance-analyzer/components/employees/EmployeeCard.tsx": {"lines":{"total":106,"covered":0,"skipped":0,"pct":0},"functions":{"total":1,"covered":0,"skipped":0,"pct":0},"statements":{"total":106,"covered":0,"skipped":0,"pct":0},"branches":{"total":1,"covered":0,"skipped":0,"pct":0}}
,"/Volumes/San/employee-performance-analyzer/components/employees/EmployeeImport.tsx": {"lines":{"total":253,"covered":8,"skipped":0,"pct":3.16},"functions":{"total":1,"covered":0,"skipped":0,"pct":0},"statements":{"total":253,"covered":8,"skipped":0,"pct":3.16},"branches":{"total":0,"covered":0,"skipped":0,"pct":100}}
,"/Volumes/San/employee-performance-analyzer/components/employees/EmployeeManagement.tsx": {"lines":{"total":459,"covered":223,"skipped":0,"pct":48.58},"functions":{"total":29,"covered":5,"skipped":0,"pct":17.24},"statements":{"total":459,"covered":223,"skipped":0,"pct":48.58},"branches":{"total":29,"covered":13,"skipped":0,"pct":44.82}}
,"/Volumes/San/employee-performance-analyzer/components/layout/Sidebar.tsx": {"lines":{"total":154,"covered":0,"skipped":0,"pct":0},"functions":{"total":1,"covered":0,"skipped":0,"pct":0},"statements":{"total":154,"covered":0,"skipped":0,"pct":0},"branches":{"total":1,"covered":0,"skipped":0,"pct":0}}
,"/Volumes/San/employee-performance-analyzer/components/reporting/Report.tsx": {"lines":{"total":529,"covered":529,"skipped":0,"pct":100},"functions":{"total":10,"covered":8,"skipped":0,"pct":80},"statements":{"total":529,"covered":529,"skipped":0,"pct":100},"branches":{"total":37,"covered":29,"skipped":0,"pct":78.37}}
,"/Volumes/San/employee-performance-analyzer/components/reporting/ReportEnhanced.tsx": {"lines":{"total":270,"covered":0,"skipped":0,"pct":0},"functions":{"total":1,"covered":0,"skipped":0,"pct":0},"statements":{"total":270,"covered":0,"skipped":0,"pct":0},"branches":{"total":1,"covered":0,"skipped":0,"pct":0}}
,"/Volumes/San/employee-performance-analyzer/components/shared/EmployeeCardSkeleton.tsx": {"lines":{"total":26,"covered":0,"skipped":0,"pct":0},"functions":{"total":1,"covered":0,"skipped":0,"pct":0},"statements":{"total":26,"covered":0,"skipped":0,"pct":0},"branches":{"total":1,"covered":0,"skipped":0,"pct":0}}
,"/Volumes/San/employee-performance-analyzer/components/shared/EmptyState.tsx": {"lines":{"total":109,"covered":0,"skipped":0,"pct":0},"functions":{"total":1,"covered":0,"skipped":0,"pct":0},"statements":{"total":109,"covered":0,"skipped":0,"pct":0},"branches":{"total":1,"covered":0,"skipped":0,"pct":0}}
,"/Volumes/San/employee-performance-analyzer/components/shared/ErrorBoundary.tsx": {"lines":{"total":130,"covered":0,"skipped":0,"pct":0},"functions":{"total":1,"covered":0,"skipped":0,"pct":0},"statements":{"total":130,"covered":0,"skipped":0,"pct":0},"branches":{"total":1,"covered":0,"skipped":0,"pct":0}}
,"/Volumes/San/employee-performance-analyzer/components/shared/ErrorDisplay.tsx": {"lines":{"total":159,"covered":0,"skipped":0,"pct":0},"functions":{"total":1,"covered":0,"skipped":0,"pct":0},"statements":{"total":159,"covered":0,"skipped":0,"pct":0},"branches":{"total":1,"covered":0,"skipped":0,"pct":0}}
,"/Volumes/San/employee-performance-analyzer/components/shared/ExportDialog.tsx": {"lines":{"total":236,"covered":0,"skipped":0,"pct":0},"functions":{"total":1,"covered":0,"skipped":0,"pct":0},"statements":{"total":236,"covered":0,"skipped":0,"pct":0},"branches":{"total":1,"covered":0,"skipped":0,"pct":0}}
,"/Volumes/San/employee-performance-analyzer/components/shared/Icons.tsx": {"lines":{"total":90,"covered":38,"skipped":0,"pct":42.22},"functions":{"total":22,"covered":5,"skipped":0,"pct":22.72},"statements":{"total":90,"covered":38,"skipped":0,"pct":42.22},"branches":{"total":5,"covered":5,"skipped":0,"pct":100}}
,"/Volumes/San/employee-performance-analyzer/components/shared/KeyboardShortcutsDialog.tsx": {"lines":{"total":57,"covered":0,"skipped":0,"pct":0},"functions":{"total":1,"covered":0,"skipped":0,"pct":0},"statements":{"total":57,"covered":0,"skipped":0,"pct":0},"branches":{"total":1,"covered":0,"skipped":0,"pct":0}}
,"/Volumes/San/employee-performance-analyzer/components/shared/LoadingStates.tsx": {"lines":{"total":135,"covered":0,"skipped":0,"pct":0},"functions":{"total":1,"covered":0,"skipped":0,"pct":0},"statements":{"total":135,"covered":0,"skipped":0,"pct":0},"branches":{"total":1,"covered":0,"skipped":0,"pct":0}}
,"/Volumes/San/employee-performance-analyzer/components/shared/ResolveEmployeesDialog.tsx": {"lines":{"total":128,"covered":126,"skipped":0,"pct":98.43},"functions":{"total":6,"covered":3,"skipped":0,"pct":50},"statements":{"total":128,"covered":126,"skipped":0,"pct":98.43},"branches":{"total":29,"covered":25,"skipped":0,"pct":86.2}}
,"/Volumes/San/employee-performance-analyzer/components/shared/ui-patterns/EmptyState.tsx": {"lines":{"total":43,"covered":0,"skipped":0,"pct":0},"functions":{"total":1,"covered":0,"skipped":0,"pct":0},"statements":{"total":43,"covered":0,"skipped":0,"pct":0},"branches":{"total":1,"covered":0,"skipped":0,"pct":0}}
,"/Volumes/San/employee-performance-analyzer/components/shared/ui-patterns/ErrorState.tsx": {"lines":{"total":46,"covered":0,"skipped":0,"pct":0},"functions":{"total":1,"covered":0,"skipped":0,"pct":0},"statements":{"total":46,"covered":0,"skipped":0,"pct":0},"branches":{"total":1,"covered":0,"skipped":0,"pct":0}}
,"/Volumes/San/employee-performance-analyzer/components/shared/ui-patterns/KPICard.tsx": {"lines":{"total":44,"covered":0,"skipped":0,"pct":0},"functions":{"total":1,"covered":0,"skipped":0,"pct":0},"statements":{"total":44,"covered":0,"skipped":0,"pct":0},"branches":{"total":1,"covered":0,"skipped":0,"pct":0}}
,"/Volumes/San/employee-performance-analyzer/components/shared/ui-patterns/LoadingState.tsx": {"lines":{"total":39,"covered":0,"skipped":0,"pct":0},"functions":{"total":1,"covered":0,"skipped":0,"pct":0},"statements":{"total":39,"covered":0,"skipped":0,"pct":0},"branches":{"total":1,"covered":0,"skipped":0,"pct":0}}
,"/Volumes/San/employee-performance-analyzer/components/shared/ui-patterns/PerformanceBadge.tsx": {"lines":{"total":31,"covered":0,"skipped":0,"pct":0},"functions":{"total":1,"covered":0,"skipped":0,"pct":0},"statements":{"total":31,"covered":0,"skipped":0,"pct":0},"branches":{"total":1,"covered":0,"skipped":0,"pct":0}}
,"/Volumes/San/employee-performance-analyzer/components/shared/ui-patterns/index.ts": {"lines":{"total":1,"covered":0,"skipped":0,"pct":0},"functions":{"total":1,"covered":0,"skipped":0,"pct":0},"statements":{"total":1,"covered":0,"skipped":0,"pct":0},"branches":{"total":1,"covered":0,"skipped":0,"pct":0}}
,"/Volumes/San/employee-performance-analyzer/constants/designTokens.ts": {"lines":{"total":125,"covered":0,"skipped":0,"pct":0},"functions":{"total":1,"covered":0,"skipped":0,"pct":0},"statements":{"total":125,"covered":0,"skipped":0,"pct":0},"branches":{"total":1,"covered":0,"skipped":0,"pct":0}}
,"/Volumes/San/employee-performance-analyzer/constants/organizationalLevels.ts": {"lines":{"total":1,"covered":0,"skipped":0,"pct":0},"functions":{"total":1,"covered":0,"skipped":0,"pct":0},"statements":{"total":1,"covered":0,"skipped":0,"pct":0},"branches":{"total":1,"covered":0,"skipped":0,"pct":0}}
,"/Volumes/San/employee-performance-analyzer/constants/performanceRatings.ts": {"lines":{"total":51,"covered":17,"skipped":0,"pct":33.33},"functions":{"total":5,"covered":0,"skipped":0,"pct":0},"statements":{"total":51,"covered":17,"skipped":0,"pct":33.33},"branches":{"total":0,"covered":0,"skipped":0,"pct":100}}
,"/Volumes/San/employee-performance-analyzer/constants/reportConstants.ts": {"lines":{"total":56,"covered":49,"skipped":0,"pct":87.5},"functions":{"total":3,"covered":3,"skipped":0,"pct":100},"statements":{"total":56,"covered":49,"skipped":0,"pct":87.5},"branches":{"total":9,"covered":5,"skipped":0,"pct":55.55}}
,"/Volumes/San/employee-performance-analyzer/constants/ui.ts": {"lines":{"total":265,"covered":0,"skipped":0,"pct":0},"functions":{"total":1,"covered":0,"skipped":0,"pct":0},"statements":{"total":265,"covered":0,"skipped":0,"pct":0},"branches":{"total":1,"covered":0,"skipped":0,"pct":0}}
,"/Volumes/San/employee-performance-analyzer/contexts/ErrorContext.tsx": {"lines":{"total":87,"covered":55,"skipped":0,"pct":63.21},"functions":{"total":2,"covered":2,"skipped":0,"pct":100},"statements":{"total":87,"covered":55,"skipped":0,"pct":63.21},"branches":{"total":10,"covered":7,"skipped":0,"pct":70}}
,"/Volumes/San/employee-performance-analyzer/contexts/errorUtils.ts": {"lines":{"total":36,"covered":0,"skipped":0,"pct":0},"functions":{"total":1,"covered":0,"skipped":0,"pct":0},"statements":{"total":36,"covered":0,"skipped":0,"pct":0},"branches":{"total":1,"covered":0,"skipped":0,"pct":0}}
,"/Volumes/San/employee-performance-analyzer/design-system/index.ts": {"lines":{"total":1,"covered":1,"skipped":0,"pct":100},"functions":{"total":0,"covered":0,"skipped":0,"pct":100},"statements":{"total":1,"covered":1,"skipped":0,"pct":100},"branches":{"total":0,"covered":0,"skipped":0,"pct":100}}
,"/Volumes/San/employee-performance-analyzer/design-system/components/index.ts": {"lines":{"total":1,"covered":1,"skipped":0,"pct":100},"functions":{"total":0,"covered":0,"skipped":0,"pct":100},"statements":{"total":1,"covered":1,"skipped":0,"pct":100},"branches":{"total":0,"covered":0,"skipped":0,"pct":100}}
,"/Volumes/San/employee-performance-analyzer/design-system/components/Alert/Alert.tsx": {"lines":{"total":198,"covered":133,"skipped":0,"pct":67.17},"functions":{"total":1,"covered":0,"skipped":0,"pct":0},"statements":{"total":198,"covered":133,"skipped":0,"pct":67.17},"branches":{"total":0,"covered":0,"skipped":0,"pct":100}}
,"/Volumes/San/employee-performance-analyzer/design-system/components/Alert/index.ts": {"lines":{"total":1,"covered":1,"skipped":0,"pct":100},"functions":{"total":0,"covered":0,"skipped":0,"pct":100},"statements":{"total":1,"covered":1,"skipped":0,"pct":100},"branches":{"total":0,"covered":0,"skipped":0,"pct":100}}
,"/Volumes/San/employee-performance-analyzer/design-system/components/Badge/Badge.tsx": {"lines":{"total":180,"covered":110,"skipped":0,"pct":61.11},"functions":{"total":0,"covered":0,"skipped":0,"pct":100},"statements":{"total":180,"covered":110,"skipped":0,"pct":61.11},"branches":{"total":0,"covered":0,"skipped":0,"pct":100}}
,"/Volumes/San/employee-performance-analyzer/design-system/components/Badge/index.ts": {"lines":{"total":1,"covered":1,"skipped":0,"pct":100},"functions":{"total":0,"covered":0,"skipped":0,"pct":100},"statements":{"total":1,"covered":1,"skipped":0,"pct":100},"branches":{"total":0,"covered":0,"skipped":0,"pct":100}}
,"/Volumes/San/employee-performance-analyzer/design-system/components/Button/Button.tsx": {"lines":{"total":254,"covered":201,"skipped":0,"pct":79.13},"functions":{"total":3,"covered":1,"skipped":0,"pct":33.33},"statements":{"total":254,"covered":201,"skipped":0,"pct":79.13},"branches":{"total":10,"covered":2,"skipped":0,"pct":20}}
,"/Volumes/San/employee-performance-analyzer/design-system/components/Button/index.ts": {"lines":{"total":1,"covered":1,"skipped":0,"pct":100},"functions":{"total":0,"covered":0,"skipped":0,"pct":100},"statements":{"total":1,"covered":1,"skipped":0,"pct":100},"branches":{"total":0,"covered":0,"skipped":0,"pct":100}}
,"/Volumes/San/employee-performance-analyzer/design-system/components/Card/Card.tsx": {"lines":{"total":193,"covered":112,"skipped":0,"pct":58.03},"functions":{"total":3,"covered":0,"skipped":0,"pct":0},"statements":{"total":193,"covered":112,"skipped":0,"pct":58.03},"branches":{"total":0,"covered":0,"skipped":0,"pct":100}}
,"/Volumes/San/employee-performance-analyzer/design-system/components/Card/CardVariants.tsx": {"lines":{"total":228,"covered":6,"skipped":0,"pct":2.63},"functions":{"total":5,"covered":0,"skipped":0,"pct":0},"statements":{"total":228,"covered":6,"skipped":0,"pct":2.63},"branches":{"total":0,"covered":0,"skipped":0,"pct":100}}
,"/Volumes/San/employee-performance-analyzer/design-system/components/Card/index.ts": {"lines":{"total":1,"covered":1,"skipped":0,"pct":100},"functions":{"total":0,"covered":0,"skipped":0,"pct":100},"statements":{"total":1,"covered":1,"skipped":0,"pct":100},"branches":{"total":0,"covered":0,"skipped":0,"pct":100}}
,"/Volumes/San/employee-performance-analyzer/design-system/components/Input/Input.tsx": {"lines":{"total":303,"covered":143,"skipped":0,"pct":47.19},"functions":{"total":0,"covered":0,"skipped":0,"pct":100},"statements":{"total":303,"covered":143,"skipped":0,"pct":47.19},"branches":{"total":0,"covered":0,"skipped":0,"pct":100}}
,"/Volumes/San/employee-performance-analyzer/design-system/components/Input/index.ts": {"lines":{"total":1,"covered":1,"skipped":0,"pct":100},"functions":{"total":0,"covered":0,"skipped":0,"pct":100},"statements":{"total":1,"covered":1,"skipped":0,"pct":100},"branches":{"total":0,"covered":0,"skipped":0,"pct":100}}
,"/Volumes/San/employee-performance-analyzer/design-system/components/Modal/Modal.tsx": {"lines":{"total":274,"covered":266,"skipped":0,"pct":97.08},"functions":{"total":5,"covered":4,"skipped":0,"pct":80},"statements":{"total":274,"covered":266,"skipped":0,"pct":97.08},"branches":{"total":29,"covered":21,"skipped":0,"pct":72.41}}
,"/Volumes/San/employee-performance-analyzer/design-system/components/Modal/index.ts": {"lines":{"total":1,"covered":1,"skipped":0,"pct":100},"functions":{"total":0,"covered":0,"skipped":0,"pct":100},"statements":{"total":1,"covered":1,"skipped":0,"pct":100},"branches":{"total":0,"covered":0,"skipped":0,"pct":100}}
,"/Volumes/San/employee-performance-analyzer/design-system/components/Select/Select.tsx": {"lines":{"total":364,"covered":250,"skipped":0,"pct":68.68},"functions":{"total":6,"covered":1,"skipped":0,"pct":16.66},"statements":{"total":364,"covered":250,"skipped":0,"pct":68.68},"branches":{"total":26,"covered":6,"skipped":0,"pct":23.07}}
,"/Volumes/San/employee-performance-analyzer/design-system/components/Select/index.ts": {"lines":{"total":1,"covered":1,"skipped":0,"pct":100},"functions":{"total":0,"covered":0,"skipped":0,"pct":100},"statements":{"total":1,"covered":1,"skipped":0,"pct":100},"branches":{"total":0,"covered":0,"skipped":0,"pct":100}}
,"/Volumes/San/employee-performance-analyzer/design-system/components/Skeleton/Skeleton.tsx": {"lines":{"total":93,"covered":19,"skipped":0,"pct":20.43},"functions":{"total":2,"covered":0,"skipped":0,"pct":0},"statements":{"total":93,"covered":19,"skipped":0,"pct":20.43},"branches":{"total":0,"covered":0,"skipped":0,"pct":100}}
,"/Volumes/San/employee-performance-analyzer/design-system/components/Skeleton/index.ts": {"lines":{"total":1,"covered":1,"skipped":0,"pct":100},"functions":{"total":0,"covered":0,"skipped":0,"pct":100},"statements":{"total":1,"covered":1,"skipped":0,"pct":100},"branches":{"total":0,"covered":0,"skipped":0,"pct":100}}
,"/Volumes/San/employee-performance-analyzer/design-system/components/Tooltip/Tooltip.tsx": {"lines":{"total":203,"covered":39,"skipped":0,"pct":19.21},"functions":{"total":1,"covered":0,"skipped":0,"pct":0},"statements":{"total":203,"covered":39,"skipped":0,"pct":19.21},"branches":{"total":0,"covered":0,"skipped":0,"pct":100}}
,"/Volumes/San/employee-performance-analyzer/design-system/components/Tooltip/index.ts": {"lines":{"total":1,"covered":1,"skipped":0,"pct":100},"functions":{"total":0,"covered":0,"skipped":0,"pct":100},"statements":{"total":1,"covered":1,"skipped":0,"pct":100},"branches":{"total":0,"covered":0,"skipped":0,"pct":100}}
,"/Volumes/San/employee-performance-analyzer/design-system/tokens/index.ts": {"lines":{"total":51,"covered":20,"skipped":0,"pct":39.21},"functions":{"total":7,"covered":0,"skipped":0,"pct":0},"statements":{"total":51,"covered":20,"skipped":0,"pct":39.21},"branches":{"total":0,"covered":0,"skipped":0,"pct":100}}
,"/Volumes/San/employee-performance-analyzer/design-system/tokens/primitives.ts": {"lines":{"total":208,"covered":208,"skipped":0,"pct":100},"functions":{"total":0,"covered":0,"skipped":0,"pct":100},"statements":{"total":208,"covered":208,"skipped":0,"pct":100},"branches":{"total":0,"covered":0,"skipped":0,"pct":100}}
,"/Volumes/San/employee-performance-analyzer/design-system/tokens/semantic.ts": {"lines":{"total":243,"covered":243,"skipped":0,"pct":100},"functions":{"total":0,"covered":0,"skipped":0,"pct":100},"statements":{"total":243,"covered":243,"skipped":0,"pct":100},"branches":{"total":0,"covered":0,"skipped":0,"pct":100}}
,"/Volumes/San/employee-performance-analyzer/design-system/utils/a11y.ts": {"lines":{"total":303,"covered":159,"skipped":0,"pct":52.47},"functions":{"total":22,"covered":9,"skipped":0,"pct":40.9},"statements":{"total":303,"covered":159,"skipped":0,"pct":52.47},"branches":{"total":28,"covered":11,"skipped":0,"pct":39.28}}
,"/Volumes/San/employee-performance-analyzer/design-system/utils/cn.ts": {"lines":{"total":64,"covered":33,"skipped":0,"pct":51.56},"functions":{"total":5,"covered":2,"skipped":0,"pct":40},"statements":{"total":64,"covered":33,"skipped":0,"pct":51.56},"branches":{"total":11,"covered":9,"skipped":0,"pct":81.81}}
,"/Volumes/San/employee-performance-analyzer/design-system/utils/colors.ts": {"lines":{"total":174,"covered":16,"skipped":0,"pct":9.19},"functions":{"total":15,"covered":0,"skipped":0,"pct":0},"statements":{"total":174,"covered":16,"skipped":0,"pct":9.19},"branches":{"total":0,"covered":0,"skipped":0,"pct":100}}
,"/Volumes/San/employee-performance-analyzer/design-system/utils/index.ts": {"lines":{"total":1,"covered":1,"skipped":0,"pct":100},"functions":{"total":0,"covered":0,"skipped":0,"pct":100},"statements":{"total":1,"covered":1,"skipped":0,"pct":100},"branches":{"total":0,"covered":0,"skipped":0,"pct":100}}
,"/Volumes/San/employee-performance-analyzer/design-system/utils/responsive.ts": {"lines":{"total":126,"covered":30,"skipped":0,"pct":23.8},"functions":{"total":20,"covered":0,"skipped":0,"pct":0},"statements":{"total":126,"covered":30,"skipped":0,"pct":23.8},"branches":{"total":0,"covered":0,"skipped":0,"pct":100}}
,"/Volumes/San/employee-performance-analyzer/design-system/utils/typography.ts": {"lines":{"total":86,"covered":0,"skipped":0,"pct":0},"functions":{"total":1,"covered":0,"skipped":0,"pct":0},"statements":{"total":86,"covered":0,"skipped":0,"pct":0},"branches":{"total":1,"covered":0,"skipped":0,"pct":0}}
,"/Volumes/San/employee-performance-analyzer/hooks/queryErrorHandling.ts": {"lines":{"total":100,"covered":0,"skipped":0,"pct":0},"functions":{"total":1,"covered":0,"skipped":0,"pct":0},"statements":{"total":100,"covered":0,"skipped":0,"pct":0},"branches":{"total":1,"covered":0,"skipped":0,"pct":0}}
,"/Volumes/San/employee-performance-analyzer/hooks/useApiHealth.ts": {"lines":{"total":13,"covered":0,"skipped":0,"pct":0},"functions":{"total":1,"covered":0,"skipped":0,"pct":0},"statements":{"total":13,"covered":0,"skipped":0,"pct":0},"branches":{"total":1,"covered":0,"skipped":0,"pct":0}}
,"/Volumes/San/employee-performance-analyzer/hooks/useAppState.ts": {"lines":{"total":111,"covered":0,"skipped":0,"pct":0},"functions":{"total":1,"covered":0,"skipped":0,"pct":0},"statements":{"total":111,"covered":0,"skipped":0,"pct":0},"branches":{"total":1,"covered":0,"skipped":0,"pct":0}}
,"/Volumes/San/employee-performance-analyzer/hooks/useDashboardCalculations.ts": {"lines":{"total":142,"covered":0,"skipped":0,"pct":0},"functions":{"total":1,"covered":0,"skipped":0,"pct":0},"statements":{"total":142,"covered":0,"skipped":0,"pct":0},"branches":{"total":1,"covered":0,"skipped":0,"pct":0}}
,"/Volumes/San/employee-performance-analyzer/hooks/useDashboardData.ts": {"lines":{"total":116,"covered":0,"skipped":0,"pct":0},"functions":{"total":1,"covered":0,"skipped":0,"pct":0},"statements":{"total":116,"covered":0,"skipped":0,"pct":0},"branches":{"total":1,"covered":0,"skipped":0,"pct":0}}
,"/Volumes/San/employee-performance-analyzer/hooks/useDashboardFilters.ts": {"lines":{"total":46,"covered":0,"skipped":0,"pct":0},"functions":{"total":1,"covered":0,"skipped":0,"pct":0},"statements":{"total":46,"covered":0,"skipped":0,"pct":0},"branches":{"total":1,"covered":0,"skipped":0,"pct":0}}
,"/Volumes/San/employee-performance-analyzer/hooks/useDataManagement.ts": {"lines":{"total":123,"covered":0,"skipped":0,"pct":0},"functions":{"total":1,"covered":0,"skipped":0,"pct":0},"statements":{"total":123,"covered":0,"skipped":0,"pct":0},"branches":{"total":1,"covered":0,"skipped":0,"pct":0}}
,"/Volumes/San/employee-performance-analyzer/hooks/useDataProcessing.ts": {"lines":{"total":138,"covered":0,"skipped":0,"pct":0},"functions":{"total":1,"covered":0,"skipped":0,"pct":0},"statements":{"total":138,"covered":0,"skipped":0,"pct":0},"branches":{"total":1,"covered":0,"skipped":0,"pct":0}}
,"/Volumes/San/employee-performance-analyzer/hooks/useEmployeeApi.ts": {"lines":{"total":101,"covered":0,"skipped":0,"pct":0},"functions":{"total":1,"covered":0,"skipped":0,"pct":0},"statements":{"total":101,"covered":0,"skipped":0,"pct":0},"branches":{"total":1,"covered":0,"skipped":0,"pct":0}}
,"/Volumes/San/employee-performance-analyzer/hooks/useEmployeeData.ts": {"lines":{"total":200,"covered":0,"skipped":0,"pct":0},"functions":{"total":1,"covered":0,"skipped":0,"pct":0},"statements":{"total":200,"covered":0,"skipped":0,"pct":0},"branches":{"total":1,"covered":0,"skipped":0,"pct":0}}
,"/Volumes/San/employee-performance-analyzer/hooks/useFileOperations.ts": {"lines":{"total":149,"covered":0,"skipped":0,"pct":0},"functions":{"total":1,"covered":0,"skipped":0,"pct":0},"statements":{"total":149,"covered":0,"skipped":0,"pct":0},"branches":{"total":1,"covered":0,"skipped":0,"pct":0}}
,"/Volumes/San/employee-performance-analyzer/hooks/useImportState.ts": {"lines":{"total":5,"covered":5,"skipped":0,"pct":100},"functions":{"total":1,"covered":1,"skipped":0,"pct":100},"statements":{"total":5,"covered":5,"skipped":0,"pct":100},"branches":{"total":2,"covered":2,"skipped":0,"pct":100}}
,"/Volumes/San/employee-performance-analyzer/hooks/useKeyboardShortcuts.ts": {"lines":{"total":56,"covered":0,"skipped":0,"pct":0},"functions":{"total":1,"covered":0,"skipped":0,"pct":0},"statements":{"total":56,"covered":0,"skipped":0,"pct":0},"branches":{"total":1,"covered":0,"skipped":0,"pct":0}}
,"/Volumes/San/employee-performance-analyzer/hooks/useQueryClient.ts": {"lines":{"total":63,"covered":0,"skipped":0,"pct":0},"functions":{"total":1,"covered":0,"skipped":0,"pct":0},"statements":{"total":63,"covered":0,"skipped":0,"pct":0},"branches":{"total":1,"covered":0,"skipped":0,"pct":0}}
,"/Volumes/San/employee-performance-analyzer/hooks/useReportGeneration.ts": {"lines":{"total":100,"covered":0,"skipped":0,"pct":0},"functions":{"total":1,"covered":0,"skipped":0,"pct":0},"statements":{"total":100,"covered":0,"skipped":0,"pct":0},"branches":{"total":1,"covered":0,"skipped":0,"pct":0}}
,"/Volumes/San/employee-performance-analyzer/hooks/useSessionApi.ts": {"lines":{"total":52,"covered":0,"skipped":0,"pct":0},"functions":{"total":1,"covered":0,"skipped":0,"pct":0},"statements":{"total":52,"covered":0,"skipped":0,"pct":0},"branches":{"total":1,"covered":0,"skipped":0,"pct":0}}
,"/Volumes/San/employee-performance-analyzer/hooks/useSessionData.ts": {"lines":{"total":80,"covered":0,"skipped":0,"pct":0},"functions":{"total":1,"covered":0,"skipped":0,"pct":0},"statements":{"total":80,"covered":0,"skipped":0,"pct":0},"branches":{"total":1,"covered":0,"skipped":0,"pct":0}}
,"/Volumes/San/employee-performance-analyzer/hooks/useSessionManagement.ts": {"lines":{"total":135,"covered":0,"skipped":0,"pct":0},"functions":{"total":1,"covered":0,"skipped":0,"pct":0},"statements":{"total":135,"covered":0,"skipped":0,"pct":0},"branches":{"total":1,"covered":0,"skipped":0,"pct":0}}
,"/Volumes/San/employee-performance-analyzer/middleware/authMiddleware.ts": {"lines":{"total":80,"covered":0,"skipped":0,"pct":0},"functions":{"total":1,"covered":0,"skipped":0,"pct":0},"statements":{"total":80,"covered":0,"skipped":0,"pct":0},"branches":{"total":1,"covered":0,"skipped":0,"pct":0}}
,"/Volumes/San/employee-performance-analyzer/middleware/dataValidationMiddleware.ts": {"lines":{"total":405,"covered":0,"skipped":0,"pct":0},"functions":{"total":1,"covered":0,"skipped":0,"pct":0},"statements":{"total":405,"covered":0,"skipped":0,"pct":0},"branches":{"total":1,"covered":0,"skipped":0,"pct":0}}
,"/Volumes/San/employee-performance-analyzer/release/mac-arm64/Dashboard Penilaian Kinerja Pegawai Dinas Sosial.app/Contents/Resources/app.asar.unpacked/demo-enhanced-validation.ts": {"lines":{"total":117,"covered":0,"skipped":0,"pct":0},"functions":{"total":1,"covered":0,"skipped":0,"pct":0},"statements":{"total":117,"covered":0,"skipped":0,"pct":0},"branches":{"total":1,"covered":0,"skipped":0,"pct":0}}
,"/Volumes/San/employee-performance-analyzer/release/mac-arm64/Dashboard Penilaian Kinerja Pegawai Dinas Sosial.app/Contents/Resources/app.asar.unpacked/electron-config.ts": {"lines":{"total":38,"covered":0,"skipped":0,"pct":0},"functions":{"total":1,"covered":0,"skipped":0,"pct":0},"statements":{"total":38,"covered":0,"skipped":0,"pct":0},"branches":{"total":1,"covered":0,"skipped":0,"pct":0}}
,"/Volumes/San/employee-performance-analyzer/release/mac-arm64/Dashboard Penilaian Kinerja Pegawai Dinas Sosial.app/Contents/Resources/app.asar.unpacked/main.ts": {"lines":{"total":488,"covered":0,"skipped":0,"pct":0},"functions":{"total":1,"covered":0,"skipped":0,"pct":0},"statements":{"total":488,"covered":0,"skipped":0,"pct":0},"branches":{"total":1,"covered":0,"skipped":0,"pct":0}}
,"/Volumes/San/employee-performance-analyzer/release/mac-arm64/Dashboard Penilaian Kinerja Pegawai Dinas Sosial.app/Contents/Resources/app.asar.unpacked/server-entry.cjs": {"lines":{"total":47,"covered":0,"skipped":0,"pct":0},"functions":{"total":1,"covered":0,"skipped":0,"pct":0},"statements":{"total":47,"covered":0,"skipped":0,"pct":0},"branches":{"total":1,"covered":0,"skipped":0,"pct":0}}
,"/Volumes/San/employee-performance-analyzer/release/mac-arm64/Dashboard Penilaian Kinerja Pegawai Dinas Sosial.app/Contents/Resources/app.asar.unpacked/start-server.ts": {"lines":{"total":9,"covered":0,"skipped":0,"pct":0},"functions":{"total":1,"covered":0,"skipped":0,"pct":0},"statements":{"total":9,"covered":0,"skipped":0,"pct":0},"branches":{"total":1,"covered":0,"skipped":0,"pct":0}}
,"/Volumes/San/employee-performance-analyzer/release/mac-arm64/Dashboard Penilaian Kinerja Pegawai Dinas Sosial.app/Contents/Resources/app.asar.unpacked/types.ts": {"lines":{"total":2,"covered":0,"skipped":0,"pct":0},"functions":{"total":1,"covered":0,"skipped":0,"pct":0},"statements":{"total":2,"covered":0,"skipped":0,"pct":0},"branches":{"total":1,"covered":0,"skipped":0,"pct":0}}
,"/Volumes/San/employee-performance-analyzer/release/mac-arm64/Dashboard Penilaian Kinerja Pegawai Dinas Sosial.app/Contents/Resources/app.asar.unpacked/components/shared/Icons.tsx": {"lines":{"total":14,"covered":0,"skipped":0,"pct":0},"functions":{"total":1,"covered":1,"skipped":0,"pct":100},"statements":{"total":14,"covered":0,"skipped":0,"pct":0},"branches":{"total":1,"covered":1,"skipped":0,"pct":100}}
,"/Volumes/San/employee-performance-analyzer/release/mac-arm64/Dashboard Penilaian Kinerja Pegawai Dinas Sosial.app/Contents/Resources/app.asar.unpacked/constants/performanceRatings.ts": {"lines":{"total":61,"covered":0,"skipped":0,"pct":0},"functions":{"total":1,"covered":0,"skipped":0,"pct":0},"statements":{"total":61,"covered":0,"skipped":0,"pct":0},"branches":{"total":1,"covered":0,"skipped":0,"pct":0}}
,"/Volumes/San/employee-performance-analyzer/release/mac-arm64/Dashboard Penilaian Kinerja Pegawai Dinas Sosial.app/Contents/Resources/app.asar.unpacked/hooks/useDashboardCalculations.ts": {"lines":{"total":132,"covered":0,"skipped":0,"pct":0},"functions":{"total":1,"covered":0,"skipped":0,"pct":0},"statements":{"total":132,"covered":0,"skipped":0,"pct":0},"branches":{"total":1,"covered":0,"skipped":0,"pct":0}}
,"/Volumes/San/employee-performance-analyzer/release/mac-arm64/Dashboard Penilaian Kinerja Pegawai Dinas Sosial.app/Contents/Resources/app.asar.unpacked/middleware/authMiddleware.ts": {"lines":{"total":77,"covered":0,"skipped":0,"pct":0},"functions":{"total":1,"covered":0,"skipped":0,"pct":0},"statements":{"total":77,"covered":0,"skipped":0,"pct":0},"branches":{"total":1,"covered":0,"skipped":0,"pct":0}}
,"/Volumes/San/employee-performance-analyzer/release/mac-arm64/Dashboard Penilaian Kinerja Pegawai Dinas Sosial.app/Contents/Resources/app.asar.unpacked/middleware/dataValidationMiddleware.ts": {"lines":{"total":352,"covered":0,"skipped":0,"pct":0},"functions":{"total":1,"covered":1,"skipped":0,"pct":100},"statements":{"total":352,"covered":0,"skipped":0,"pct":0},"branches":{"total":1,"covered":1,"skipped":0,"pct":100}}
,"/Volumes/San/employee-performance-analyzer/release/mac-arm64/Dashboard Penilaian Kinerja Pegawai Dinas Sosial.app/Contents/Resources/app.asar.unpacked/schemas/api.schemas.ts": {"lines":{"total":61,"covered":0,"skipped":0,"pct":0},"functions":{"total":1,"covered":0,"skipped":0,"pct":0},"statements":{"total":61,"covered":0,"skipped":0,"pct":0},"branches":{"total":1,"covered":0,"skipped":0,"pct":0}}
,"/Volumes/San/employee-performance-analyzer/release/mac-arm64/Dashboard Penilaian Kinerja Pegawai Dinas Sosial.app/Contents/Resources/app.asar.unpacked/schemas/competency.schemas.ts": {"lines":{"total":58,"covered":0,"skipped":0,"pct":0},"functions":{"total":1,"covered":0,"skipped":0,"pct":0},"statements":{"total":58,"covered":0,"skipped":0,"pct":0},"branches":{"total":1,"covered":0,"skipped":0,"pct":0}}
,"/Volumes/San/employee-performance-analyzer/release/mac-arm64/Dashboard Penilaian Kinerja Pegawai Dinas Sosial.app/Contents/Resources/app.asar.unpacked/schemas/employee.schemas.ts": {"lines":{"total":133,"covered":0,"skipped":0,"pct":0},"functions":{"total":1,"covered":0,"skipped":0,"pct":0},"statements":{"total":133,"covered":0,"skipped":0,"pct":0},"branches":{"total":1,"covered":0,"skipped":0,"pct":0}}
,"/Volumes/San/employee-performance-analyzer/release/mac-arm64/Dashboard Penilaian Kinerja Pegawai Dinas Sosial.app/Contents/Resources/app.asar.unpacked/schemas/index.ts": {"lines":{"total":7,"covered":0,"skipped":0,"pct":0},"functions":{"total":1,"covered":0,"skipped":0,"pct":0},"statements":{"total":7,"covered":0,"skipped":0,"pct":0},"branches":{"total":1,"covered":0,"skipped":0,"pct":0}}
,"/Volumes/San/employee-performance-analyzer/release/mac-arm64/Dashboard Penilaian Kinerja Pegawai Dinas Sosial.app/Contents/Resources/app.asar.unpacked/schemas/performance.schemas.ts": {"lines":{"total":97,"covered":0,"skipped":0,"pct":0},"functions":{"total":1,"covered":0,"skipped":0,"pct":0},"statements":{"total":97,"covered":0,"skipped":0,"pct":0},"branches":{"total":1,"covered":0,"skipped":0,"pct":0}}
,"/Volumes/San/employee-performance-analyzer/release/mac-arm64/Dashboard Penilaian Kinerja Pegawai Dinas Sosial.app/Contents/Resources/app.asar.unpacked/schemas/session.schemas.ts": {"lines":{"total":52,"covered":0,"skipped":0,"pct":0},"functions":{"total":1,"covered":0,"skipped":0,"pct":0},"statements":{"total":52,"covered":0,"skipped":0,"pct":0},"branches":{"total":1,"covered":0,"skipped":0,"pct":0}}
,"/Volumes/San/employee-performance-analyzer/release/mac-arm64/Dashboard Penilaian Kinerja Pegawai Dinas Sosial.app/Contents/Resources/app.asar.unpacked/scripts/check-native-modules.ts": {"lines":{"total":40,"covered":0,"skipped":0,"pct":0},"functions":{"total":1,"covered":0,"skipped":0,"pct":0},"statements":{"total":40,"covered":0,"skipped":0,"pct":0},"branches":{"total":1,"covered":0,"skipped":0,"pct":0}}
,"/Volumes/San/employee-performance-analyzer/release/mac-arm64/Dashboard Penilaian Kinerja Pegawai Dinas Sosial.app/Contents/Resources/app.asar.unpacked/scripts/performance-comparison.ts": {"lines":{"total":242,"covered":0,"skipped":0,"pct":0},"functions":{"total":1,"covered":1,"skipped":0,"pct":100},"statements":{"total":242,"covered":0,"skipped":0,"pct":0},"branches":{"total":1,"covered":1,"skipped":0,"pct":100}}
,"/Volumes/San/employee-performance-analyzer/release/mac-arm64/Dashboard Penilaian Kinerja Pegawai Dinas Sosial.app/Contents/Resources/app.asar.unpacked/scripts/rebuild-native.ts": {"lines":{"total":68,"covered":0,"skipped":0,"pct":0},"functions":{"total":1,"covered":0,"skipped":0,"pct":0},"statements":{"total":68,"covered":0,"skipped":0,"pct":0},"branches":{"total":1,"covered":0,"skipped":0,"pct":0}}
,"/Volumes/San/employee-performance-analyzer/release/mac-arm64/Dashboard Penilaian Kinerja Pegawai Dinas Sosial.app/Contents/Resources/app.asar.unpacked/scripts/startup-diagnostics.ts": {"lines":{"total":137,"covered":0,"skipped":0,"pct":0},"functions":{"total":1,"covered":0,"skipped":0,"pct":0},"statements":{"total":137,"covered":0,"skipped":0,"pct":0},"branches":{"total":1,"covered":0,"skipped":0,"pct":0}}
,"/Volumes/San/employee-performance-analyzer/release/mac-arm64/Dashboard Penilaian Kinerja Pegawai Dinas Sosial.app/Contents/Resources/app.asar.unpacked/server/database.schema.ts": {"lines":{"total":2,"covered":0,"skipped":0,"pct":0},"functions":{"total":1,"covered":0,"skipped":0,"pct":0},"statements":{"total":2,"covered":0,"skipped":0,"pct":0},"branches":{"total":1,"covered":0,"skipped":0,"pct":0}}
,"/Volumes/San/employee-performance-analyzer/release/mac-arm64/Dashboard Penilaian Kinerja Pegawai Dinas Sosial.app/Contents/Resources/app.asar.unpacked/server/database.ts": {"lines":{"total":645,"covered":0,"skipped":0,"pct":0},"functions":{"total":1,"covered":0,"skipped":0,"pct":0},"statements":{"total":645,"covered":0,"skipped":0,"pct":0},"branches":{"total":1,"covered":0,"skipped":0,"pct":0}}
,"/Volumes/San/employee-performance-analyzer/release/mac-arm64/Dashboard Penilaian Kinerja Pegawai Dinas Sosial.app/Contents/Resources/app.asar.unpacked/server/fastify.ts": {"lines":{"total":37,"covered":0,"skipped":0,"pct":0},"functions":{"total":1,"covered":0,"skipped":0,"pct":0},"statements":{"total":37,"covered":0,"skipped":0,"pct":0},"branches":{"total":1,"covered":0,"skipped":0,"pct":0}}
,"/Volumes/San/employee-performance-analyzer/release/mac-arm64/Dashboard Penilaian Kinerja Pegawai Dinas Sosial.app/Contents/Resources/app.asar.unpacked/server/fastifyServer.ts": {"lines":{"total":990,"covered":0,"skipped":0,"pct":0},"functions":{"total":1,"covered":0,"skipped":0,"pct":0},"statements":{"total":990,"covered":0,"skipped":0,"pct":0},"branches":{"total":1,"covered":0,"skipped":0,"pct":0}}
,"/Volumes/San/employee-performance-analyzer/release/mac-arm64/Dashboard Penilaian Kinerja Pegawai Dinas Sosial.app/Contents/Resources/app.asar.unpacked/server/index.ts": {"lines":{"total":87,"covered":0,"skipped":0,"pct":0},"functions":{"total":1,"covered":0,"skipped":0,"pct":0},"statements":{"total":87,"covered":0,"skipped":0,"pct":0},"branches":{"total":1,"covered":0,"skipped":0,"pct":0}}
,"/Volumes/San/employee-performance-analyzer/release/mac-arm64/Dashboard Penilaian Kinerja Pegawai Dinas Sosial.app/Contents/Resources/app.asar.unpacked/server/kyselyDatabase.ts": {"lines":{"total":430,"covered":0,"skipped":0,"pct":0},"functions":{"total":1,"covered":0,"skipped":0,"pct":0},"statements":{"total":430,"covered":0,"skipped":0,"pct":0},"branches":{"total":1,"covered":0,"skipped":0,"pct":0}}
,"/Volumes/San/employee-performance-analyzer/release/mac-arm64/Dashboard Penilaian Kinerja Pegawai Dinas Sosial.app/Contents/Resources/app.asar.unpacked/server/migrate-sessions-to-periods.ts": {"lines":{"total":111,"covered":0,"skipped":0,"pct":0},"functions":{"total":1,"covered":0,"skipped":0,"pct":0},"statements":{"total":111,"covered":0,"skipped":0,"pct":0},"branches":{"total":1,"covered":0,"skipped":0,"pct":0}}
,"/Volumes/San/employee-performance-analyzer/release/mac-arm64/Dashboard Penilaian Kinerja Pegawai Dinas Sosial.app/Contents/Resources/app.asar.unpacked/server/responseFormatter.ts": {"lines":{"total":119,"covered":0,"skipped":0,"pct":0},"functions":{"total":1,"covered":0,"skipped":0,"pct":0},"statements":{"total":119,"covered":0,"skipped":0,"pct":0},"branches":{"total":1,"covered":0,"skipped":0,"pct":0}}
,"/Volumes/San/employee-performance-analyzer/release/mac-arm64/Dashboard Penilaian Kinerja Pegawai Dinas Sosial.app/Contents/Resources/app.asar.unpacked/server/server-health-check.ts": {"lines":{"total":352,"covered":0,"skipped":0,"pct":0},"functions":{"total":1,"covered":0,"skipped":0,"pct":0},"statements":{"total":352,"covered":0,"skipped":0,"pct":0},"branches":{"total":1,"covered":0,"skipped":0,"pct":0}}
,"/Volumes/San/employee-performance-analyzer/release/mac-arm64/Dashboard Penilaian Kinerja Pegawai Dinas Sosial.app/Contents/Resources/app.asar.unpacked/server/server-standardized.ts": {"lines":{"total":27,"covered":0,"skipped":0,"pct":0},"functions":{"total":1,"covered":0,"skipped":0,"pct":0},"statements":{"total":27,"covered":0,"skipped":0,"pct":0},"branches":{"total":1,"covered":0,"skipped":0,"pct":0}}
,"/Volumes/San/employee-performance-analyzer/release/mac-arm64/Dashboard Penilaian Kinerja Pegawai Dinas Sosial.app/Contents/Resources/app.asar.unpacked/server/server-unified.ts": {"lines":{"total":30,"covered":0,"skipped":0,"pct":0},"functions":{"total":1,"covered":1,"skipped":0,"pct":100},"statements":{"total":30,"covered":0,"skipped":0,"pct":0},"branches":{"total":1,"covered":1,"skipped":0,"pct":100}}
,"/Volumes/San/employee-performance-analyzer/release/mac-arm64/Dashboard Penilaian Kinerja Pegawai Dinas Sosial.app/Contents/Resources/app.asar.unpacked/server/server-wrapper.ts": {"lines":{"total":119,"covered":0,"skipped":0,"pct":0},"functions":{"total":1,"covered":1,"skipped":0,"pct":100},"statements":{"total":119,"covered":0,"skipped":0,"pct":0},"branches":{"total":1,"covered":1,"skipped":0,"pct":100}}
,"/Volumes/San/employee-performance-analyzer/release/mac-arm64/Dashboard Penilaian Kinerja Pegawai Dinas Sosial.app/Contents/Resources/app.asar.unpacked/server/server.ts": {"lines":{"total":42,"covered":0,"skipped":0,"pct":0},"functions":{"total":1,"covered":0,"skipped":0,"pct":0},"statements":{"total":42,"covered":0,"skipped":0,"pct":0},"branches":{"total":1,"covered":0,"skipped":0,"pct":0}}
,"/Volumes/San/employee-performance-analyzer/release/mac-arm64/Dashboard Penilaian Kinerja Pegawai Dinas Sosial.app/Contents/Resources/app.asar.unpacked/server/serverFactory.ts": {"lines":{"total":381,"covered":0,"skipped":0,"pct":0},"functions":{"total":1,"covered":0,"skipped":0,"pct":0},"statements":{"total":381,"covered":0,"skipped":0,"pct":0},"branches":{"total":1,"covered":0,"skipped":0,"pct":0}}
,"/Volumes/San/employee-performance-analyzer/release/mac-arm64/Dashboard Penilaian Kinerja Pegawai Dinas Sosial.app/Contents/Resources/app.asar.unpacked/services/ImportOrchestrator.ts": {"lines":{"total":166,"covered":0,"skipped":0,"pct":0},"functions":{"total":1,"covered":0,"skipped":0,"pct":0},"statements":{"total":166,"covered":0,"skipped":0,"pct":0},"branches":{"total":1,"covered":0,"skipped":0,"pct":0}}
,"/Volumes/San/employee-performance-analyzer/release/mac-arm64/Dashboard Penilaian Kinerja Pegawai Dinas Sosial.app/Contents/Resources/app.asar.unpacked/services/NameMatchingService.ts": {"lines":{"total":105,"covered":0,"skipped":0,"pct":0},"functions":{"total":1,"covered":0,"skipped":0,"pct":0},"statements":{"total":105,"covered":0,"skipped":0,"pct":0},"branches":{"total":1,"covered":0,"skipped":0,"pct":0}}
,"/Volumes/San/employee-performance-analyzer/release/mac-arm64/Dashboard Penilaian Kinerja Pegawai Dinas Sosial.app/Contents/Resources/app.asar.unpacked/services/api.ts": {"lines":{"total":5,"covered":0,"skipped":0,"pct":0},"functions":{"total":1,"covered":0,"skipped":0,"pct":0},"statements":{"total":5,"covered":0,"skipped":0,"pct":0},"branches":{"total":1,"covered":0,"skipped":0,"pct":0}}
,"/Volumes/San/employee-performance-analyzer/release/mac-arm64/Dashboard Penilaian Kinerja Pegawai Dinas Sosial.app/Contents/Resources/app.asar.unpacked/services/csvParser.ts": {"lines":{"total":252,"covered":0,"skipped":0,"pct":0},"functions":{"total":1,"covered":0,"skipped":0,"pct":0},"statements":{"total":252,"covered":0,"skipped":0,"pct":0},"branches":{"total":1,"covered":0,"skipped":0,"pct":0}}
,"/Volumes/San/employee-performance-analyzer/release/mac-arm64/Dashboard Penilaian Kinerja Pegawai Dinas Sosial.app/Contents/Resources/app.asar.unpacked/services/dataIntegrityService.ts": {"lines":{"total":104,"covered":0,"skipped":0,"pct":0},"functions":{"total":1,"covered":1,"skipped":0,"pct":100},"statements":{"total":104,"covered":0,"skipped":0,"pct":0},"branches":{"total":1,"covered":1,"skipped":0,"pct":100}}
,"/Volumes/San/employee-performance-analyzer/release/mac-arm64/Dashboard Penilaian Kinerja Pegawai Dinas Sosial.app/Contents/Resources/app.asar.unpacked/services/dataParser.ts": {"lines":{"total":175,"covered":0,"skipped":0,"pct":0},"functions":{"total":1,"covered":1,"skipped":0,"pct":100},"statements":{"total":175,"covered":0,"skipped":0,"pct":0},"branches":{"total":1,"covered":1,"skipped":0,"pct":100}}
,"/Volumes/San/employee-performance-analyzer/release/mac-arm64/Dashboard Penilaian Kinerja Pegawai Dinas Sosial.app/Contents/Resources/app.asar.unpacked/services/dataQualityService.ts": {"lines":{"total":162,"covered":0,"skipped":0,"pct":0},"functions":{"total":1,"covered":1,"skipped":0,"pct":100},"statements":{"total":162,"covered":0,"skipped":0,"pct":0},"branches":{"total":1,"covered":1,"skipped":0,"pct":100}}
,"/Volumes/San/employee-performance-analyzer/release/mac-arm64/Dashboard Penilaian Kinerja Pegawai Dinas Sosial.app/Contents/Resources/app.asar.unpacked/services/dataRecovery.ts": {"lines":{"total":167,"covered":0,"skipped":0,"pct":0},"functions":{"total":1,"covered":1,"skipped":0,"pct":100},"statements":{"total":167,"covered":0,"skipped":0,"pct":0},"branches":{"total":1,"covered":1,"skipped":0,"pct":100}}
,"/Volumes/San/employee-performance-analyzer/release/mac-arm64/Dashboard Penilaian Kinerja Pegawai Dinas Sosial.app/Contents/Resources/app.asar.unpacked/services/databaseOperations.ts": {"lines":{"total":147,"covered":0,"skipped":0,"pct":0},"functions":{"total":1,"covered":1,"skipped":0,"pct":100},"statements":{"total":147,"covered":0,"skipped":0,"pct":0},"branches":{"total":1,"covered":1,"skipped":0,"pct":100}}
,"/Volumes/San/employee-performance-analyzer/release/mac-arm64/Dashboard Penilaian Kinerja Pegawai Dinas Sosial.app/Contents/Resources/app.asar.unpacked/services/databaseServiceOrchestrator.ts": {"lines":{"total":183,"covered":0,"skipped":0,"pct":0},"functions":{"total":1,"covered":0,"skipped":0,"pct":0},"statements":{"total":183,"covered":0,"skipped":0,"pct":0},"branches":{"total":1,"covered":0,"skipped":0,"pct":0}}
,"/Volumes/San/employee-performance-analyzer/release/mac-arm64/Dashboard Penilaian Kinerja Pegawai Dinas Sosial.app/Contents/Resources/app.asar.unpacked/services/enhancedDatabaseService.ts": {"lines":{"total":178,"covered":0,"skipped":0,"pct":0},"functions":{"total":1,"covered":1,"skipped":0,"pct":100},"statements":{"total":178,"covered":0,"skipped":0,"pct":0},"branches":{"total":1,"covered":1,"skipped":0,"pct":100}}
,"/Volumes/San/employee-performance-analyzer/release/mac-arm64/Dashboard Penilaian Kinerja Pegawai Dinas Sosial.app/Contents/Resources/app.asar.unpacked/services/errorHandler.ts": {"lines":{"total":311,"covered":0,"skipped":0,"pct":0},"functions":{"total":1,"covered":0,"skipped":0,"pct":0},"statements":{"total":311,"covered":0,"skipped":0,"pct":0},"branches":{"total":1,"covered":0,"skipped":0,"pct":0}}
,"/Volumes/San/employee-performance-analyzer/release/mac-arm64/Dashboard Penilaian Kinerja Pegawai Dinas Sosial.app/Contents/Resources/app.asar.unpacked/services/logger.ts": {"lines":{"total":105,"covered":0,"skipped":0,"pct":0},"functions":{"total":1,"covered":0,"skipped":0,"pct":0},"statements":{"total":105,"covered":0,"skipped":0,"pct":0},"branches":{"total":1,"covered":0,"skipped":0,"pct":0}}
,"/Volumes/San/employee-performance-analyzer/release/mac-arm64/Dashboard Penilaian Kinerja Pegawai Dinas Sosial.app/Contents/Resources/app.asar.unpacked/services/parser.ts": {"lines":{"total":43,"covered":0,"skipped":0,"pct":0},"functions":{"total":1,"covered":1,"skipped":0,"pct":100},"statements":{"total":43,"covered":0,"skipped":0,"pct":0},"branches":{"total":1,"covered":1,"skipped":0,"pct":100}}
,"/Volumes/San/employee-performance-analyzer/release/mac-arm64/Dashboard Penilaian Kinerja Pegawai Dinas Sosial.app/Contents/Resources/app.asar.unpacked/services/performanceCalculationService.ts": {"lines":{"total":55,"covered":0,"skipped":0,"pct":0},"functions":{"total":1,"covered":1,"skipped":0,"pct":100},"statements":{"total":55,"covered":0,"skipped":0,"pct":0},"branches":{"total":1,"covered":1,"skipped":0,"pct":100}}
,"/Volumes/San/employee-performance-analyzer/release/mac-arm64/Dashboard Penilaian Kinerja Pegawai Dinas Sosial.app/Contents/Resources/app.asar.unpacked/services/refreshService.ts": {"lines":{"total":184,"covered":0,"skipped":0,"pct":0},"functions":{"total":1,"covered":0,"skipped":0,"pct":0},"statements":{"total":184,"covered":0,"skipped":0,"pct":0},"branches":{"total":1,"covered":0,"skipped":0,"pct":0}}
,"/Volumes/San/employee-performance-analyzer/release/mac-arm64/Dashboard Penilaian Kinerja Pegawai Dinas Sosial.app/Contents/Resources/app.asar.unpacked/services/reportFormattingService.ts": {"lines":{"total":119,"covered":0,"skipped":0,"pct":0},"functions":{"total":1,"covered":1,"skipped":0,"pct":100},"statements":{"total":119,"covered":0,"skipped":0,"pct":0},"branches":{"total":1,"covered":1,"skipped":0,"pct":100}}
,"/Volumes/San/employee-performance-analyzer/release/mac-arm64/Dashboard Penilaian Kinerja Pegawai Dinas Sosial.app/Contents/Resources/app.asar.unpacked/services/reportGenerationService.ts": {"lines":{"total":40,"covered":0,"skipped":0,"pct":0},"functions":{"total":1,"covered":0,"skipped":0,"pct":0},"statements":{"total":40,"covered":0,"skipped":0,"pct":0},"branches":{"total":1,"covered":0,"skipped":0,"pct":0}}
,"/Volumes/San/employee-performance-analyzer/release/mac-arm64/Dashboard Penilaian Kinerja Pegawai Dinas Sosial.app/Contents/Resources/app.asar.unpacked/services/scoringService.ts": {"lines":{"total":144,"covered":0,"skipped":0,"pct":0},"functions":{"total":1,"covered":1,"skipped":0,"pct":100},"statements":{"total":144,"covered":0,"skipped":0,"pct":0},"branches":{"total":1,"covered":1,"skipped":0,"pct":100}}
,"/Volumes/San/employee-performance-analyzer/release/mac-arm64/Dashboard Penilaian Kinerja Pegawai Dinas Sosial.app/Contents/Resources/app.asar.unpacked/services/toast.ts": {"lines":{"total":36,"covered":0,"skipped":0,"pct":0},"functions":{"total":1,"covered":0,"skipped":0,"pct":0},"statements":{"total":36,"covered":0,"skipped":0,"pct":0},"branches":{"total":1,"covered":0,"skipped":0,"pct":0}}
,"/Volumes/San/employee-performance-analyzer/release/mac-arm64/Dashboard Penilaian Kinerja Pegawai Dinas Sosial.app/Contents/Resources/app.asar.unpacked/services/validationService.ts": {"lines":{"total":459,"covered":0,"skipped":0,"pct":0},"functions":{"total":1,"covered":1,"skipped":0,"pct":100},"statements":{"total":459,"covered":0,"skipped":0,"pct":0},"branches":{"total":1,"covered":1,"skipped":0,"pct":100}}
,"/Volumes/San/employee-performance-analyzer/release/mac-arm64/Dashboard Penilaian Kinerja Pegawai Dinas Sosial.app/Contents/Resources/app.asar.unpacked/services/api/legacy.ts": {"lines":{"total":59,"covered":0,"skipped":0,"pct":0},"functions":{"total":1,"covered":1,"skipped":0,"pct":100},"statements":{"total":59,"covered":0,"skipped":0,"pct":0},"branches":{"total":1,"covered":1,"skipped":0,"pct":100}}
,"/Volumes/San/employee-performance-analyzer/release/mac-arm64/Dashboard Penilaian Kinerja Pegawai Dinas Sosial.app/Contents/Resources/app.asar.unpacked/services/api/clients/DataApiClient.ts": {"lines":{"total":34,"covered":0,"skipped":0,"pct":0},"functions":{"total":1,"covered":0,"skipped":0,"pct":0},"statements":{"total":34,"covered":0,"skipped":0,"pct":0},"branches":{"total":1,"covered":0,"skipped":0,"pct":0}}
,"/Volumes/San/employee-performance-analyzer/release/mac-arm64/Dashboard Penilaian Kinerja Pegawai Dinas Sosial.app/Contents/Resources/app.asar.unpacked/services/api/clients/EmployeeApiClient.ts": {"lines":{"total":153,"covered":0,"skipped":0,"pct":0},"functions":{"total":1,"covered":1,"skipped":0,"pct":100},"statements":{"total":153,"covered":0,"skipped":0,"pct":0},"branches":{"total":1,"covered":1,"skipped":0,"pct":100}}
,"/Volumes/San/employee-performance-analyzer/release/mac-arm64/Dashboard Penilaian Kinerja Pegawai Dinas Sosial.app/Contents/Resources/app.asar.unpacked/services/api/clients/LeadershipApiClient.ts": {"lines":{"total":34,"covered":0,"skipped":0,"pct":0},"functions":{"total":1,"covered":0,"skipped":0,"pct":0},"statements":{"total":34,"covered":0,"skipped":0,"pct":0},"branches":{"total":1,"covered":0,"skipped":0,"pct":0}}
,"/Volumes/San/employee-performance-analyzer/release/mac-arm64/Dashboard Penilaian Kinerja Pegawai Dinas Sosial.app/Contents/Resources/app.asar.unpacked/services/api/clients/SessionApiClient.ts": {"lines":{"total":145,"covered":0,"skipped":0,"pct":0},"functions":{"total":1,"covered":1,"skipped":0,"pct":100},"statements":{"total":145,"covered":0,"skipped":0,"pct":0},"branches":{"total":1,"covered":1,"skipped":0,"pct":100}}
,"/Volumes/San/employee-performance-analyzer/release/mac-arm64/Dashboard Penilaian Kinerja Pegawai Dinas Sosial.app/Contents/Resources/app.asar.unpacked/services/api/core/ApiClient.ts": {"lines":{"total":203,"covered":0,"skipped":0,"pct":0},"functions":{"total":1,"covered":0,"skipped":0,"pct":0},"statements":{"total":203,"covered":0,"skipped":0,"pct":0},"branches":{"total":1,"covered":0,"skipped":0,"pct":0}}
,"/Volumes/San/employee-performance-analyzer/release/mac-arm64/Dashboard Penilaian Kinerja Pegawai Dinas Sosial.app/Contents/Resources/app.asar.unpacked/services/api/interfaces/ApiInterfaces.ts": {"lines":{"total":0,"covered":0,"skipped":0,"pct":100},"functions":{"total":1,"covered":1,"skipped":0,"pct":100},"statements":{"total":0,"covered":0,"skipped":0,"pct":100},"branches":{"total":1,"covered":1,"skipped":0,"pct":100}}
,"/Volumes/San/employee-performance-analyzer/release/mac-arm64/Dashboard Penilaian Kinerja Pegawai Dinas Sosial.app/Contents/Resources/app.asar.unpacked/services/api/interfaces/index.ts": {"lines":{"total":65,"covered":0,"skipped":0,"pct":0},"functions":{"total":1,"covered":0,"skipped":0,"pct":0},"statements":{"total":65,"covered":0,"skipped":0,"pct":0},"branches":{"total":1,"covered":0,"skipped":0,"pct":0}}
,"/Volumes/San/employee-performance-analyzer/release/mac-arm64/Dashboard Penilaian Kinerja Pegawai Dinas Sosial.app/Contents/Resources/app.asar.unpacked/services/database/dataCleaningService.ts": {"lines":{"total":175,"covered":0,"skipped":0,"pct":0},"functions":{"total":1,"covered":0,"skipped":0,"pct":0},"statements":{"total":175,"covered":0,"skipped":0,"pct":0},"branches":{"total":1,"covered":0,"skipped":0,"pct":0}}
,"/Volumes/San/employee-performance-analyzer/release/mac-arm64/Dashboard Penilaian Kinerja Pegawai Dinas Sosial.app/Contents/Resources/app.asar.unpacked/services/database/dataRecoveryEngine.ts": {"lines":{"total":127,"covered":0,"skipped":0,"pct":0},"functions":{"total":1,"covered":0,"skipped":0,"pct":0},"statements":{"total":127,"covered":0,"skipped":0,"pct":0},"branches":{"total":1,"covered":0,"skipped":0,"pct":0}}
,"/Volumes/San/employee-performance-analyzer/release/mac-arm64/Dashboard Penilaian Kinerja Pegawai Dinas Sosial.app/Contents/Resources/app.asar.unpacked/services/database/enhancedDatabaseService.ts": {"lines":{"total":216,"covered":0,"skipped":0,"pct":0},"functions":{"total":1,"covered":0,"skipped":0,"pct":0},"statements":{"total":216,"covered":0,"skipped":0,"pct":0},"branches":{"total":1,"covered":0,"skipped":0,"pct":0}}
,"/Volumes/San/employee-performance-analyzer/release/mac-arm64/Dashboard Penilaian Kinerja Pegawai Dinas Sosial.app/Contents/Resources/app.asar.unpacked/services/database/qualityAnalyzer.ts": {"lines":{"total":234,"covered":0,"skipped":0,"pct":0},"functions":{"total":1,"covered":0,"skipped":0,"pct":0},"statements":{"total":234,"covered":0,"skipped":0,"pct":0},"branches":{"total":1,"covered":0,"skipped":0,"pct":0}}
,"/Volumes/San/employee-performance-analyzer/release/mac-arm64/Dashboard Penilaian Kinerja Pegawai Dinas Sosial.app/Contents/Resources/app.asar.unpacked/services/validators/CompetencyValidator.ts": {"lines":{"total":201,"covered":0,"skipped":0,"pct":0},"functions":{"total":1,"covered":1,"skipped":0,"pct":100},"statements":{"total":201,"covered":0,"skipped":0,"pct":0},"branches":{"total":1,"covered":1,"skipped":0,"pct":100}}
,"/Volumes/San/employee-performance-analyzer/release/mac-arm64/Dashboard Penilaian Kinerja Pegawai Dinas Sosial.app/Contents/Resources/app.asar.unpacked/services/validators/EmployeeValidator.ts": {"lines":{"total":123,"covered":0,"skipped":0,"pct":0},"functions":{"total":1,"covered":1,"skipped":0,"pct":100},"statements":{"total":123,"covered":0,"skipped":0,"pct":0},"branches":{"total":1,"covered":1,"skipped":0,"pct":100}}
,"/Volumes/San/employee-performance-analyzer/release/mac-arm64/Dashboard Penilaian Kinerja Pegawai Dinas Sosial.app/Contents/Resources/app.asar.unpacked/services/validators/ScoreValidator.ts": {"lines":{"total":182,"covered":0,"skipped":0,"pct":0},"functions":{"total":1,"covered":1,"skipped":0,"pct":100},"statements":{"total":182,"covered":0,"skipped":0,"pct":0},"branches":{"total":1,"covered":1,"skipped":0,"pct":100}}
,"/Volumes/San/employee-performance-analyzer/release/mac-arm64/Dashboard Penilaian Kinerja Pegawai Dinas Sosial.app/Contents/Resources/app.asar.unpacked/services/validators/ValidatorOrchestrator.ts": {"lines":{"total":101,"covered":0,"skipped":0,"pct":0},"functions":{"total":1,"covered":1,"skipped":0,"pct":100},"statements":{"total":101,"covered":0,"skipped":0,"pct":0},"branches":{"total":1,"covered":1,"skipped":0,"pct":100}}
,"/Volumes/San/employee-performance-analyzer/release/mac-arm64/Dashboard Penilaian Kinerja Pegawai Dinas Sosial.app/Contents/Resources/app.asar.unpacked/services/validators/index.ts": {"lines":{"total":25,"covered":0,"skipped":0,"pct":0},"functions":{"total":1,"covered":0,"skipped":0,"pct":0},"statements":{"total":25,"covered":0,"skipped":0,"pct":0},"branches":{"total":1,"covered":0,"skipped":0,"pct":0}}
,"/Volumes/San/employee-performance-analyzer/release/mac-arm64/Dashboard Penilaian Kinerja Pegawai Dinas Sosial.app/Contents/Resources/app.asar.unpacked/test/data-validation-test.ts": {"lines":{"total":228,"covered":0,"skipped":0,"pct":0},"functions":{"total":1,"covered":0,"skipped":0,"pct":0},"statements":{"total":228,"covered":0,"skipped":0,"pct":0},"branches":{"total":1,"covered":0,"skipped":0,"pct":0}}
,"/Volumes/San/employee-performance-analyzer/release/mac-arm64/Dashboard Penilaian Kinerja Pegawai Dinas Sosial.app/Contents/Resources/app.asar.unpacked/test/enhanced-validation-test.ts": {"lines":{"total":192,"covered":0,"skipped":0,"pct":0},"functions":{"total":1,"covered":0,"skipped":0,"pct":0},"statements":{"total":192,"covered":0,"skipped":0,"pct":0},"branches":{"total":1,"covered":0,"skipped":0,"pct":0}}
,"/Volumes/San/employee-performance-analyzer/release/mac-arm64/Dashboard Penilaian Kinerja Pegawai Dinas Sosial.app/Contents/Resources/app.asar.unpacked/test/organizational-level-parsing-test.ts": {"lines":{"total":154,"covered":0,"skipped":0,"pct":0},"functions":{"total":1,"covered":0,"skipped":0,"pct":0},"statements":{"total":154,"covered":0,"skipped":0,"pct":0},"branches":{"total":1,"covered":0,"skipped":0,"pct":0}}
,"/Volumes/San/employee-performance-analyzer/release/mac-arm64/Dashboard Penilaian Kinerja Pegawai Dinas Sosial.app/Contents/Resources/app.asar.unpacked/utils/csvSecurity.ts": {"lines":{"total":26,"covered":0,"skipped":0,"pct":0},"functions":{"total":1,"covered":0,"skipped":0,"pct":0},"statements":{"total":26,"covered":0,"skipped":0,"pct":0},"branches":{"total":1,"covered":0,"skipped":0,"pct":0}}
,"/Volumes/San/employee-performance-analyzer/release/mac-arm64/Dashboard Penilaian Kinerja Pegawai Dinas Sosial.app/Contents/Resources/app.asar.unpacked/utils/csvUtils.ts": {"lines":{"total":127,"covered":0,"skipped":0,"pct":0},"functions":{"total":1,"covered":0,"skipped":0,"pct":0},"statements":{"total":127,"covered":0,"skipped":0,"pct":0},"branches":{"total":1,"covered":0,"skipped":0,"pct":0}}
,"/Volumes/San/employee-performance-analyzer/release/mac-arm64/Dashboard Penilaian Kinerja Pegawai Dinas Sosial.app/Contents/Resources/app.asar.unpacked/utils/dataRecoveryStrategies.ts": {"lines":{"total":159,"covered":0,"skipped":0,"pct":0},"functions":{"total":1,"covered":0,"skipped":0,"pct":0},"statements":{"total":159,"covered":0,"skipped":0,"pct":0},"branches":{"total":1,"covered":0,"skipped":0,"pct":0}}
,"/Volumes/San/employee-performance-analyzer/release/mac-arm64/Dashboard Penilaian Kinerja Pegawai Dinas Sosial.app/Contents/Resources/app.asar.unpacked/utils/dataValidationUtils.ts": {"lines":{"total":141,"covered":0,"skipped":0,"pct":0},"functions":{"total":1,"covered":0,"skipped":0,"pct":0},"statements":{"total":141,"covered":0,"skipped":0,"pct":0},"branches":{"total":1,"covered":0,"skipped":0,"pct":0}}
,"/Volumes/San/employee-performance-analyzer/release/mac-arm64/Dashboard Penilaian Kinerja Pegawai Dinas Sosial.app/Contents/Resources/app.asar.unpacked/utils/employeeDataUtils.ts": {"lines":{"total":108,"covered":0,"skipped":0,"pct":0},"functions":{"total":1,"covered":0,"skipped":0,"pct":0},"statements":{"total":108,"covered":0,"skipped":0,"pct":0},"branches":{"total":1,"covered":0,"skipped":0,"pct":0}}
,"/Volumes/San/employee-performance-analyzer/release/mac-arm64/Dashboard Penilaian Kinerja Pegawai Dinas Sosial.app/Contents/Resources/app.asar.unpacked/utils/errorMessages.ts": {"lines":{"total":99,"covered":0,"skipped":0,"pct":0},"functions":{"total":1,"covered":0,"skipped":0,"pct":0},"statements":{"total":99,"covered":0,"skipped":0,"pct":0},"branches":{"total":1,"covered":0,"skipped":0,"pct":0}}
,"/Volumes/San/employee-performance-analyzer/release/mac-arm64/Dashboard Penilaian Kinerja Pegawai Dinas Sosial.app/Contents/Resources/app.asar.unpacked/utils/integrityAnalysis.ts": {"lines":{"total":168,"covered":0,"skipped":0,"pct":0},"functions":{"total":1,"covered":0,"skipped":0,"pct":0},"statements":{"total":168,"covered":0,"skipped":0,"pct":0},"branches":{"total":1,"covered":0,"skipped":0,"pct":0}}
,"/Volumes/San/employee-performance-analyzer/release/mac-arm64/Dashboard Penilaian Kinerja Pegawai Dinas Sosial.app/Contents/Resources/app.asar.unpacked/utils/kpiCardUtils.ts": {"lines":{"total":51,"covered":0,"skipped":0,"pct":0},"functions":{"total":1,"covered":0,"skipped":0,"pct":0},"statements":{"total":51,"covered":0,"skipped":0,"pct":0},"branches":{"total":1,"covered":0,"skipped":0,"pct":0}}
,"/Volumes/San/employee-performance-analyzer/release/mac-arm64/Dashboard Penilaian Kinerja Pegawai Dinas Sosial.app/Contents/Resources/app.asar.unpacked/utils/organizationalLevels.ts": {"lines":{"total":675,"covered":0,"skipped":0,"pct":0},"functions":{"total":1,"covered":0,"skipped":0,"pct":0},"statements":{"total":675,"covered":0,"skipped":0,"pct":0},"branches":{"total":1,"covered":0,"skipped":0,"pct":0}}
,"/Volumes/San/employee-performance-analyzer/release/mac-arm64/Dashboard Penilaian Kinerja Pegawai Dinas Sosial.app/Contents/Resources/app.asar.unpacked/utils/performanceDataUtils.ts": {"lines":{"total":89,"covered":0,"skipped":0,"pct":0},"functions":{"total":1,"covered":0,"skipped":0,"pct":0},"statements":{"total":89,"covered":0,"skipped":0,"pct":0},"branches":{"total":1,"covered":0,"skipped":0,"pct":0}}
,"/Volumes/San/employee-performance-analyzer/release/mac-arm64/Dashboard Penilaian Kinerja Pegawai Dinas Sosial.app/Contents/Resources/app.asar.unpacked/utils/useResizeObserver.ts": {"lines":{"total":121,"covered":0,"skipped":0,"pct":0},"functions":{"total":1,"covered":0,"skipped":0,"pct":0},"statements":{"total":121,"covered":0,"skipped":0,"pct":0},"branches":{"total":1,"covered":0,"skipped":0,"pct":0}}
,"/Volumes/San/employee-performance-analyzer/release/mac-arm64/Dashboard Penilaian Kinerja Pegawai Dinas Sosial.app/Contents/Resources/app.asar.unpacked/utils/validationRules.ts": {"lines":{"total":273,"covered":0,"skipped":0,"pct":0},"functions":{"total":1,"covered":0,"skipped":0,"pct":0},"statements":{"total":273,"covered":0,"skipped":0,"pct":0},"branches":{"total":1,"covered":0,"skipped":0,"pct":0}}
,"/Volumes/San/employee-performance-analyzer/release/mac/Dashboard Penilaian Kinerja Pegawai Dinas Sosial.app/Contents/Resources/app.asar.unpacked/demo-enhanced-validation.ts": {"lines":{"total":117,"covered":0,"skipped":0,"pct":0},"functions":{"total":1,"covered":0,"skipped":0,"pct":0},"statements":{"total":117,"covered":0,"skipped":0,"pct":0},"branches":{"total":1,"covered":0,"skipped":0,"pct":0}}
,"/Volumes/San/employee-performance-analyzer/release/mac/Dashboard Penilaian Kinerja Pegawai Dinas Sosial.app/Contents/Resources/app.asar.unpacked/electron-config.ts": {"lines":{"total":38,"covered":0,"skipped":0,"pct":0},"functions":{"total":1,"covered":0,"skipped":0,"pct":0},"statements":{"total":38,"covered":0,"skipped":0,"pct":0},"branches":{"total":1,"covered":0,"skipped":0,"pct":0}}
,"/Volumes/San/employee-performance-analyzer/release/mac/Dashboard Penilaian Kinerja Pegawai Dinas Sosial.app/Contents/Resources/app.asar.unpacked/main.ts": {"lines":{"total":488,"covered":0,"skipped":0,"pct":0},"functions":{"total":1,"covered":0,"skipped":0,"pct":0},"statements":{"total":488,"covered":0,"skipped":0,"pct":0},"branches":{"total":1,"covered":0,"skipped":0,"pct":0}}
,"/Volumes/San/employee-performance-analyzer/release/mac/Dashboard Penilaian Kinerja Pegawai Dinas Sosial.app/Contents/Resources/app.asar.unpacked/server-entry.cjs": {"lines":{"total":47,"covered":0,"skipped":0,"pct":0},"functions":{"total":1,"covered":0,"skipped":0,"pct":0},"statements":{"total":47,"covered":0,"skipped":0,"pct":0},"branches":{"total":1,"covered":0,"skipped":0,"pct":0}}
,"/Volumes/San/employee-performance-analyzer/release/mac/Dashboard Penilaian Kinerja Pegawai Dinas Sosial.app/Contents/Resources/app.asar.unpacked/start-server.ts": {"lines":{"total":9,"covered":0,"skipped":0,"pct":0},"functions":{"total":1,"covered":0,"skipped":0,"pct":0},"statements":{"total":9,"covered":0,"skipped":0,"pct":0},"branches":{"total":1,"covered":0,"skipped":0,"pct":0}}
,"/Volumes/San/employee-performance-analyzer/release/mac/Dashboard Penilaian Kinerja Pegawai Dinas Sosial.app/Contents/Resources/app.asar.unpacked/types.ts": {"lines":{"total":2,"covered":0,"skipped":0,"pct":0},"functions":{"total":1,"covered":0,"skipped":0,"pct":0},"statements":{"total":2,"covered":0,"skipped":0,"pct":0},"branches":{"total":1,"covered":0,"skipped":0,"pct":0}}
,"/Volumes/San/employee-performance-analyzer/release/mac/Dashboard Penilaian Kinerja Pegawai Dinas Sosial.app/Contents/Resources/app.asar.unpacked/components/shared/Icons.tsx": {"lines":{"total":14,"covered":0,"skipped":0,"pct":0},"functions":{"total":1,"covered":1,"skipped":0,"pct":100},"statements":{"total":14,"covered":0,"skipped":0,"pct":0},"branches":{"total":1,"covered":1,"skipped":0,"pct":100}}
,"/Volumes/San/employee-performance-analyzer/release/mac/Dashboard Penilaian Kinerja Pegawai Dinas Sosial.app/Contents/Resources/app.asar.unpacked/constants/performanceRatings.ts": {"lines":{"total":61,"covered":0,"skipped":0,"pct":0},"functions":{"total":1,"covered":0,"skipped":0,"pct":0},"statements":{"total":61,"covered":0,"skipped":0,"pct":0},"branches":{"total":1,"covered":0,"skipped":0,"pct":0}}
,"/Volumes/San/employee-performance-analyzer/release/mac/Dashboard Penilaian Kinerja Pegawai Dinas Sosial.app/Contents/Resources/app.asar.unpacked/hooks/useDashboardCalculations.ts": {"lines":{"total":132,"covered":0,"skipped":0,"pct":0},"functions":{"total":1,"covered":0,"skipped":0,"pct":0},"statements":{"total":132,"covered":0,"skipped":0,"pct":0},"branches":{"total":1,"covered":0,"skipped":0,"pct":0}}
,"/Volumes/San/employee-performance-analyzer/release/mac/Dashboard Penilaian Kinerja Pegawai Dinas Sosial.app/Contents/Resources/app.asar.unpacked/middleware/authMiddleware.ts": {"lines":{"total":77,"covered":0,"skipped":0,"pct":0},"functions":{"total":1,"covered":0,"skipped":0,"pct":0},"statements":{"total":77,"covered":0,"skipped":0,"pct":0},"branches":{"total":1,"covered":0,"skipped":0,"pct":0}}
,"/Volumes/San/employee-performance-analyzer/release/mac/Dashboard Penilaian Kinerja Pegawai Dinas Sosial.app/Contents/Resources/app.asar.unpacked/middleware/dataValidationMiddleware.ts": {"lines":{"total":352,"covered":0,"skipped":0,"pct":0},"functions":{"total":1,"covered":1,"skipped":0,"pct":100},"statements":{"total":352,"covered":0,"skipped":0,"pct":0},"branches":{"total":1,"covered":1,"skipped":0,"pct":100}}
,"/Volumes/San/employee-performance-analyzer/release/mac/Dashboard Penilaian Kinerja Pegawai Dinas Sosial.app/Contents/Resources/app.asar.unpacked/schemas/api.schemas.ts": {"lines":{"total":61,"covered":0,"skipped":0,"pct":0},"functions":{"total":1,"covered":0,"skipped":0,"pct":0},"statements":{"total":61,"covered":0,"skipped":0,"pct":0},"branches":{"total":1,"covered":0,"skipped":0,"pct":0}}
,"/Volumes/San/employee-performance-analyzer/release/mac/Dashboard Penilaian Kinerja Pegawai Dinas Sosial.app/Contents/Resources/app.asar.unpacked/schemas/competency.schemas.ts": {"lines":{"total":58,"covered":0,"skipped":0,"pct":0},"functions":{"total":1,"covered":0,"skipped":0,"pct":0},"statements":{"total":58,"covered":0,"skipped":0,"pct":0},"branches":{"total":1,"covered":0,"skipped":0,"pct":0}}
,"/Volumes/San/employee-performance-analyzer/release/mac/Dashboard Penilaian Kinerja Pegawai Dinas Sosial.app/Contents/Resources/app.asar.unpacked/schemas/employee.schemas.ts": {"lines":{"total":133,"covered":0,"skipped":0,"pct":0},"functions":{"total":1,"covered":0,"skipped":0,"pct":0},"statements":{"total":133,"covered":0,"skipped":0,"pct":0},"branches":{"total":1,"covered":0,"skipped":0,"pct":0}}
,"/Volumes/San/employee-performance-analyzer/release/mac/Dashboard Penilaian Kinerja Pegawai Dinas Sosial.app/Contents/Resources/app.asar.unpacked/schemas/index.ts": {"lines":{"total":7,"covered":0,"skipped":0,"pct":0},"functions":{"total":1,"covered":0,"skipped":0,"pct":0},"statements":{"total":7,"covered":0,"skipped":0,"pct":0},"branches":{"total":1,"covered":0,"skipped":0,"pct":0}}
,"/Volumes/San/employee-performance-analyzer/release/mac/Dashboard Penilaian Kinerja Pegawai Dinas Sosial.app/Contents/Resources/app.asar.unpacked/schemas/performance.schemas.ts": {"lines":{"total":97,"covered":0,"skipped":0,"pct":0},"functions":{"total":1,"covered":0,"skipped":0,"pct":0},"statements":{"total":97,"covered":0,"skipped":0,"pct":0},"branches":{"total":1,"covered":0,"skipped":0,"pct":0}}
,"/Volumes/San/employee-performance-analyzer/release/mac/Dashboard Penilaian Kinerja Pegawai Dinas Sosial.app/Contents/Resources/app.asar.unpacked/schemas/session.schemas.ts": {"lines":{"total":52,"covered":0,"skipped":0,"pct":0},"functions":{"total":1,"covered":0,"skipped":0,"pct":0},"statements":{"total":52,"covered":0,"skipped":0,"pct":0},"branches":{"total":1,"covered":0,"skipped":0,"pct":0}}
,"/Volumes/San/employee-performance-analyzer/release/mac/Dashboard Penilaian Kinerja Pegawai Dinas Sosial.app/Contents/Resources/app.asar.unpacked/scripts/check-native-modules.ts": {"lines":{"total":40,"covered":0,"skipped":0,"pct":0},"functions":{"total":1,"covered":0,"skipped":0,"pct":0},"statements":{"total":40,"covered":0,"skipped":0,"pct":0},"branches":{"total":1,"covered":0,"skipped":0,"pct":0}}
,"/Volumes/San/employee-performance-analyzer/release/mac/Dashboard Penilaian Kinerja Pegawai Dinas Sosial.app/Contents/Resources/app.asar.unpacked/scripts/performance-comparison.ts": {"lines":{"total":242,"covered":0,"skipped":0,"pct":0},"functions":{"total":1,"covered":1,"skipped":0,"pct":100},"statements":{"total":242,"covered":0,"skipped":0,"pct":0},"branches":{"total":1,"covered":1,"skipped":0,"pct":100}}
,"/Volumes/San/employee-performance-analyzer/release/mac/Dashboard Penilaian Kinerja Pegawai Dinas Sosial.app/Contents/Resources/app.asar.unpacked/scripts/rebuild-native.ts": {"lines":{"total":68,"covered":0,"skipped":0,"pct":0},"functions":{"total":1,"covered":0,"skipped":0,"pct":0},"statements":{"total":68,"covered":0,"skipped":0,"pct":0},"branches":{"total":1,"covered":0,"skipped":0,"pct":0}}
,"/Volumes/San/employee-performance-analyzer/release/mac/Dashboard Penilaian Kinerja Pegawai Dinas Sosial.app/Contents/Resources/app.asar.unpacked/scripts/startup-diagnostics.ts": {"lines":{"total":137,"covered":0,"skipped":0,"pct":0},"functions":{"total":1,"covered":0,"skipped":0,"pct":0},"statements":{"total":137,"covered":0,"skipped":0,"pct":0},"branches":{"total":1,"covered":0,"skipped":0,"pct":0}}
,"/Volumes/San/employee-performance-analyzer/release/mac/Dashboard Penilaian Kinerja Pegawai Dinas Sosial.app/Contents/Resources/app.asar.unpacked/server/database.schema.ts": {"lines":{"total":2,"covered":0,"skipped":0,"pct":0},"functions":{"total":1,"covered":0,"skipped":0,"pct":0},"statements":{"total":2,"covered":0,"skipped":0,"pct":0},"branches":{"total":1,"covered":0,"skipped":0,"pct":0}}
,"/Volumes/San/employee-performance-analyzer/release/mac/Dashboard Penilaian Kinerja Pegawai Dinas Sosial.app/Contents/Resources/app.asar.unpacked/server/database.ts": {"lines":{"total":645,"covered":0,"skipped":0,"pct":0},"functions":{"total":1,"covered":0,"skipped":0,"pct":0},"statements":{"total":645,"covered":0,"skipped":0,"pct":0},"branches":{"total":1,"covered":0,"skipped":0,"pct":0}}
,"/Volumes/San/employee-performance-analyzer/release/mac/Dashboard Penilaian Kinerja Pegawai Dinas Sosial.app/Contents/Resources/app.asar.unpacked/server/fastify.ts": {"lines":{"total":37,"covered":0,"skipped":0,"pct":0},"functions":{"total":1,"covered":0,"skipped":0,"pct":0},"statements":{"total":37,"covered":0,"skipped":0,"pct":0},"branches":{"total":1,"covered":0,"skipped":0,"pct":0}}
,"/Volumes/San/employee-performance-analyzer/release/mac/Dashboard Penilaian Kinerja Pegawai Dinas Sosial.app/Contents/Resources/app.asar.unpacked/server/fastifyServer.ts": {"lines":{"total":990,"covered":0,"skipped":0,"pct":0},"functions":{"total":1,"covered":0,"skipped":0,"pct":0},"statements":{"total":990,"covered":0,"skipped":0,"pct":0},"branches":{"total":1,"covered":0,"skipped":0,"pct":0}}
,"/Volumes/San/employee-performance-analyzer/release/mac/Dashboard Penilaian Kinerja Pegawai Dinas Sosial.app/Contents/Resources/app.asar.unpacked/server/index.ts": {"lines":{"total":87,"covered":0,"skipped":0,"pct":0},"functions":{"total":1,"covered":0,"skipped":0,"pct":0},"statements":{"total":87,"covered":0,"skipped":0,"pct":0},"branches":{"total":1,"covered":0,"skipped":0,"pct":0}}
,"/Volumes/San/employee-performance-analyzer/release/mac/Dashboard Penilaian Kinerja Pegawai Dinas Sosial.app/Contents/Resources/app.asar.unpacked/server/kyselyDatabase.ts": {"lines":{"total":430,"covered":0,"skipped":0,"pct":0},"functions":{"total":1,"covered":0,"skipped":0,"pct":0},"statements":{"total":430,"covered":0,"skipped":0,"pct":0},"branches":{"total":1,"covered":0,"skipped":0,"pct":0}}
[...]
,"/Volumes/San/employee-performance-analyzer/scripts/rebuild-native.ts": {"lines":{"total":80,"covered":0,"skipped":0,"pct":0},"functions":{"total":1,"covered":0,"skipped":0,"pct":0},"statements":{"total":80,"covered":0,"skipped":0,"pct":0},"branches":{"total":1,"covered":0,"skipped":0,"pct":0}}
,"/Volumes/San/employee-performance-analyzer/scripts/startup-diagnostics.ts": {"lines":{"total":201,"covered":0,"skipped":0,"pct":0},"functions":{"total":1,"covered":0,"skipped":0,"pct":0},"statements":{"total":201,"covered":0,"skipped":0,"pct":0},"branches":{"total":1,"covered":0,"skipped":0,"pct":0}}
,"/Volumes/San/employee-performance-analyzer/server/database.schema.ts": {"lines":{"total":21,"covered":21,"skipped":0,"pct":100},"functions":{"total":0,"covered":0,"skipped":0,"pct":100},"statements":{"total":21,"covered":21,"skipped":0,"pct":100},"branches":{"total":0,"covered":0,"skipped":0,"pct":100}}
,"/Volumes/San/employee-performance-analyzer/server/database.ts": {"lines":{"total":857,"covered":0,"skipped":0,"pct":0},"functions":{"total":1,"covered":0,"skipped":0,"pct":0},"statements":{"total":857,"covered":0,"skipped":0,"pct":0},"branches":{"total":1,"covered":0,"skipped":0,"pct":0}}
,"/Volumes/San/employee-performance-analyzer/server/fastify.ts": {"lines":{"total":37,"covered":0,"skipped":0,"pct":0},"functions":{"total":1,"covered":0,"skipped":0,"pct":0},"statements":{"total":37,"covered":0,"skipped":0,"pct":0},"branches":{"total":1,"covered":0,"skipped":0,"pct":0}}
,"/Volumes/San/employee-performance-analyzer/server/fastifyServer.ts": {"lines":{"total":1047,"covered":582,"skipped":0,"pct":55.58},"functions":{"total":47,"covered":39,"skipped":0,"pct":82.97},"statements":{"total":1047,"covered":582,"skipped":0,"pct":55.58},"branches":{"total":134,"covered":79,"skipped":0,"pct":58.95}}
,"/Volumes/San/employee-performance-analyzer/server/kyselyDatabase.ts": {"lines":{"total":541,"covered":509,"skipped":0,"pct":94.08},"functions":{"total":37,"covered":37,"skipped":0,"pct":100},"statements":{"total":541,"covered":509,"skipped":0,"pct":94.08},"branches":{"total":123,"covered":103,"skipped":0,"pct":83.73}}
,"/Volumes/San/employee-performance-analyzer/server/migrate-sessions-to-periods.ts": {"lines":{"total":114,"covered":0,"skipped":0,"pct":0},"functions":{"total":1,"covered":0,"skipped":0,"pct":0},"statements":{"total":114,"covered":0,"skipped":0,"pct":0},"branches":{"total":1,"covered":0,"skipped":0,"pct":0}}
,"/Volumes/San/employee-performance-analyzer/server/responseFormatter.ts": {"lines":{"total":228,"covered":0,"skipped":0,"pct":0},"functions":{"total":1,"covered":0,"skipped":0,"pct":0},"statements":{"total":228,"covered":0,"skipped":0,"pct":0},"branches":{"total":1,"covered":0,"skipped":0,"pct":0}}
,"/Volumes/San/employee-performance-analyzer/server/server-health-check.ts": {"lines":{"total":407,"covered":0,"skipped":0,"pct":0},"functions":{"total":1,"covered":0,"skipped":0,"pct":0},"statements":{"total":407,"covered":0,"skipped":0,"pct":0},"branches":{"total":1,"covered":0,"skipped":0,"pct":0}}
,"/Volumes/San/employee-performance-analyzer/server/server.ts": {"lines":{"total":41,"covered":0,"skipped":0,"pct":0},"functions":{"total":1,"covered":0,"skipped":0,"pct":0},"statements":{"total":41,"covered":0,"skipped":0,"pct":0},"branches":{"total":1,"covered":0,"skipped":0,"pct":0}}
,"/Volumes/San/employee-performance-analyzer/services/ImportOrchestrator.ts": {"lines":{"total":190,"covered":0,"skipped":0,"pct":0},"functions":{"total":1,"covered":0,"skipped":0,"pct":0},"statements":{"total":190,"covered":0,"skipped":0,"pct":0},"branches":{"total":1,"covered":0,"skipped":0,"pct":0}}
,"/Volumes/San/employee-performance-analyzer/services/NameMatchingService.ts": {"lines":{"total":119,"covered":0,"skipped":0,"pct":0},"functions":{"total":1,"covered":0,"skipped":0,"pct":0},"statements":{"total":119,"covered":0,"skipped":0,"pct":0},"branches":{"total":1,"covered":0,"skipped":0,"pct":0}}
,"/Volumes/San/employee-performance-analyzer/services/api.ts": {"lines":{"total":1,"covered":1,"skipped":0,"pct":100},"functions":{"total":0,"covered":0,"skipped":0,"pct":100},"statements":{"total":1,"covered":1,"skipped":0,"pct":100},"branches":{"total":0,"covered":0,"skipped":0,"pct":100}}
,"/Volumes/San/employee-performance-analyzer/services/csvParser.ts": {"lines":{"total":449,"covered":322,"skipped":0,"pct":71.71},"functions":{"total":11,"covered":10,"skipped":0,"pct":90.9},"statements":{"total":449,"covered":322,"skipped":0,"pct":71.71},"branches":{"total":131,"covered":103,"skipped":0,"pct":78.62}}
,"/Volumes/San/employee-performance-analyzer/services/dataIntegrityService.ts": {"lines":{"total":140,"covered":0,"skipped":0,"pct":0},"functions":{"total":1,"covered":0,"skipped":0,"pct":0},"statements":{"total":140,"covered":0,"skipped":0,"pct":0},"branches":{"total":1,"covered":0,"skipped":0,"pct":0}}
,"/Volumes/San/employee-performance-analyzer/services/dataParser.ts": {"lines":{"total":185,"covered":133,"skipped":0,"pct":71.89},"functions":{"total":9,"covered":8,"skipped":0,"pct":88.88},"statements":{"total":185,"covered":133,"skipped":0,"pct":71.89},"branches":{"total":28,"covered":19,"skipped":0,"pct":67.85}}
,"/Volumes/San/employee-performance-analyzer/services/dataQualityService.ts": {"lines":{"total":181,"covered":0,"skipped":0,"pct":0},"functions":{"total":1,"covered":0,"skipped":0,"pct":0},"statements":{"total":181,"covered":0,"skipped":0,"pct":0},"branches":{"total":1,"covered":0,"skipped":0,"pct":0}}
,"/Volumes/San/employee-performance-analyzer/services/dataRecovery.ts": {"lines":{"total":193,"covered":157,"skipped":0,"pct":81.34},"functions":{"total":6,"covered":5,"skipped":0,"pct":83.33},"statements":{"total":193,"covered":157,"skipped":0,"pct":81.34},"branches":{"total":27,"covered":20,"skipped":0,"pct":74.07}}
,"/Volumes/San/employee-performance-analyzer/services/databaseOperations.ts": {"lines":{"total":174,"covered":87,"skipped":0,"pct":50},"functions":{"total":6,"covered":4,"skipped":0,"pct":66.66},"statements":{"total":174,"covered":87,"skipped":0,"pct":50},"branches":{"total":12,"covered":11,"skipped":0,"pct":91.66}}
,"/Volumes/San/employee-performance-analyzer/services/databaseServiceOrchestrator.ts": {"lines":{"total":242,"covered":0,"skipped":0,"pct":0},"functions":{"total":1,"covered":0,"skipped":0,"pct":0},"statements":{"total":242,"covered":0,"skipped":0,"pct":0},"branches":{"total":1,"covered":0,"skipped":0,"pct":0}}
,"/Volumes/San/employee-performance-analyzer/services/enhancedDatabaseService.ts": {"lines":{"total":251,"covered":0,"skipped":0,"pct":0},"functions":{"total":1,"covered":0,"skipped":0,"pct":0},"statements":{"total":251,"covered":0,"skipped":0,"pct":0},"branches":{"total":1,"covered":0,"skipped":0,"pct":0}}
,"/Volumes/San/employee-performance-analyzer/services/errorHandler.ts": {"lines":{"total":378,"covered":169,"skipped":0,"pct":44.7},"functions":{"total":27,"covered":16,"skipped":0,"pct":59.25},"statements":{"total":378,"covered":169,"skipped":0,"pct":44.7},"branches":{"total":39,"covered":21,"skipped":0,"pct":53.84}}
,"/Volumes/San/employee-performance-analyzer/services/logger.ts": {"lines":{"total":114,"covered":92,"skipped":0,"pct":80.7},"functions":{"total":21,"covered":13,"skipped":0,"pct":61.9},"statements":{"total":114,"covered":92,"skipped":0,"pct":80.7},"branches":{"total":33,"covered":22,"skipped":0,"pct":66.66}}
,"/Volumes/San/employee-performance-analyzer/services/parser.ts": {"lines":{"total":40,"covered":38,"skipped":0,"pct":95},"functions":{"total":3,"covered":3,"skipped":0,"pct":100},"statements":{"total":40,"covered":38,"skipped":0,"pct":95},"branches":{"total":13,"covered":12,"skipped":0,"pct":92.3}}
,"/Volumes/San/employee-performance-analyzer/services/performanceCalculationService.ts": {"lines":{"total":87,"covered":0,"skipped":0,"pct":0},"functions":{"total":1,"covered":0,"skipped":0,"pct":0},"statements":{"total":87,"covered":0,"skipped":0,"pct":0},"branches":{"total":1,"covered":0,"skipped":0,"pct":0}}
,"/Volumes/San/employee-performance-analyzer/services/reportFormattingService.ts": {"lines":{"total":165,"covered":0,"skipped":0,"pct":0},"functions":{"total":1,"covered":0,"skipped":0,"pct":0},"statements":{"total":165,"covered":0,"skipped":0,"pct":0},"branches":{"total":1,"covered":0,"skipped":0,"pct":0}}
,"/Volumes/San/employee-performance-analyzer/services/reportGenerationService.ts": {"lines":{"total":68,"covered":15,"skipped":0,"pct":22.05},"functions":{"total":5,"covered":1,"skipped":0,"pct":20},"statements":{"total":68,"covered":15,"skipped":0,"pct":22.05},"branches":{"total":1,"covered":1,"skipped":0,"pct":100}}
,"/Volumes/San/employee-performance-analyzer/services/scoringService.ts": {"lines":{"total":135,"covered":117,"skipped":0,"pct":86.66},"functions":{"total":7,"covered":5,"skipped":0,"pct":71.42},"statements":{"total":135,"covered":117,"skipped":0,"pct":86.66},"branches":{"total":35,"covered":33,"skipped":0,"pct":94.28}}
,"/Volumes/San/employee-performance-analyzer/services/toast.ts": {"lines":{"total":40,"covered":0,"skipped":0,"pct":0},"functions":{"total":1,"covered":0,"skipped":0,"pct":0},"statements":{"total":40,"covered":0,"skipped":0,"pct":0},"branches":{"total":1,"covered":0,"skipped":0,"pct":0}}
,"/Volumes/San/employee-performance-analyzer/services/validationService.ts": {"lines":{"total":499,"covered":351,"skipped":0,"pct":70.34},"functions":{"total":17,"covered":15,"skipped":0,"pct":88.23},"statements":{"total":499,"covered":351,"skipped":0,"pct":70.34},"branches":{"total":106,"covered":82,"skipped":0,"pct":77.35}}
,"/Volumes/San/employee-performance-analyzer/services/api/legacy.ts": {"lines":{"total":130,"covered":29,"skipped":0,"pct":22.3},"functions":{"total":21,"covered":2,"skipped":0,"pct":9.52},"statements":{"total":130,"covered":29,"skipped":0,"pct":22.3},"branches":{"total":2,"covered":2,"skipped":0,"pct":100}}
,"/Volumes/San/employee-performance-analyzer/services/api/clients/DataApiClient.ts": {"lines":{"total":49,"covered":8,"skipped":0,"pct":16.32},"functions":{"total":3,"covered":1,"skipped":0,"pct":33.33},"statements":{"total":49,"covered":8,"skipped":0,"pct":16.32},"branches":{"total":1,"covered":1,"skipped":0,"pct":100}}
,"/Volumes/San/employee-performance-analyzer/services/api/clients/EmployeeApiClient.ts": {"lines":{"total":272,"covered":271,"skipped":0,"pct":99.63},"functions":{"total":16,"covered":16,"skipped":0,"pct":100},"statements":{"total":272,"covered":271,"skipped":0,"pct":99.63},"branches":{"total":85,"covered":76,"skipped":0,"pct":89.41}}
,"/Volumes/San/employee-performance-analyzer/services/api/clients/LeadershipApiClient.ts": {"lines":{"total":57,"covered":9,"skipped":0,"pct":15.78},"functions":{"total":4,"covered":1,"skipped":0,"pct":25},"statements":{"total":57,"covered":9,"skipped":0,"pct":15.78},"branches":{"total":1,"covered":1,"skipped":0,"pct":100}}
,"/Volumes/San/employee-performance-analyzer/services/api/clients/SessionApiClient.ts": {"lines":{"total":217,"covered":116,"skipped":0,"pct":53.45},"functions":{"total":9,"covered":5,"skipped":0,"pct":55.55},"statements":{"total":217,"covered":116,"skipped":0,"pct":53.45},"branches":{"total":39,"covered":12,"skipped":0,"pct":30.76}}
,"/Volumes/San/employee-performance-analyzer/services/api/core/ApiClient.ts": {"lines":{"total":232,"covered":157,"skipped":0,"pct":67.67},"functions":{"total":14,"covered":12,"skipped":0,"pct":85.71},"statements":{"total":232,"covered":157,"skipped":0,"pct":67.67},"branches":{"total":38,"covered":27,"skipped":0,"pct":71.05}}
,"/Volumes/San/employee-performance-analyzer/services/api/interfaces/ApiInterfaces.ts": {"lines":{"total":18,"covered":18,"skipped":0,"pct":100},"functions":{"total":0,"covered":0,"skipped":0,"pct":100},"statements":{"total":18,"covered":18,"skipped":0,"pct":100},"branches":{"total":0,"covered":0,"skipped":0,"pct":100}}
,"/Volumes/San/employee-performance-analyzer/services/api/interfaces/index.ts": {"lines":{"total":61,"covered":46,"skipped":0,"pct":75.4},"functions":{"total":7,"covered":5,"skipped":0,"pct":71.42},"statements":{"total":61,"covered":46,"skipped":0,"pct":75.4},"branches":{"total":9,"covered":6,"skipped":0,"pct":66.66}}
,"/Volumes/San/employee-performance-analyzer/services/database/dataCleaningService.ts": {"lines":{"total":203,"covered":0,"skipped":0,"pct":0},"functions":{"total":1,"covered":0,"skipped":0,"pct":0},"statements":{"total":203,"covered":0,"skipped":0,"pct":0},"branches":{"total":1,"covered":0,"skipped":0,"pct":0}}
,"/Volumes/San/employee-performance-analyzer/services/database/dataRecoveryEngine.ts": {"lines":{"total":136,"covered":0,"skipped":0,"pct":0},"functions":{"total":1,"covered":0,"skipped":0,"pct":0},"statements":{"total":136,"covered":0,"skipped":0,"pct":0},"branches":{"total":1,"covered":0,"skipped":0,"pct":0}}
,"/Volumes/San/employee-performance-analyzer/services/database/enhancedDatabaseService.ts": {"lines":{"total":297,"covered":0,"skipped":0,"pct":0},"functions":{"total":1,"covered":0,"skipped":0,"pct":0},"statements":{"total":297,"covered":0,"skipped":0,"pct":0},"branches":{"total":1,"covered":0,"skipped":0,"pct":0}}
,"/Volumes/San/employee-performance-analyzer/services/database/qualityAnalyzer.ts": {"lines":{"total":281,"covered":0,"skipped":0,"pct":0},"functions":{"total":1,"covered":0,"skipped":0,"pct":0},"statements":{"total":281,"covered":0,"skipped":0,"pct":0},"branches":{"total":1,"covered":0,"skipped":0,"pct":0}}
,"/Volumes/San/employee-performance-analyzer/services/validators/CompetencyValidator.ts": {"lines":{"total":238,"covered":196,"skipped":0,"pct":82.35},"functions":{"total":11,"covered":11,"skipped":0,"pct":100},"statements":{"total":238,"covered":196,"skipped":0,"pct":82.35},"branches":{"total":74,"covered":60,"skipped":0,"pct":81.08}}
,"/Volumes/San/employee-performance-analyzer/services/validators/EmployeeValidator.ts": {"lines":{"total":149,"covered":101,"skipped":0,"pct":67.78},"functions":{"total":7,"covered":5,"skipped":0,"pct":71.42},"statements":{"total":149,"covered":101,"skipped":0,"pct":67.78},"branches":{"total":30,"covered":27,"skipped":0,"pct":90}}
,"/Volumes/San/employee-performance-analyzer/services/validators/ScoreValidator.ts": {"lines":{"total":209,"covered":148,"skipped":0,"pct":70.81},"functions":{"total":8,"covered":8,"skipped":0,"pct":100},"statements":{"total":209,"covered":148,"skipped":0,"pct":70.81},"branches":{"total":62,"covered":50,"skipped":0,"pct":80.64}}
,"/Volumes/San/employee-performance-analyzer/services/validators/ValidatorOrchestrator.ts": {"lines":{"total":119,"covered":82,"skipped":0,"pct":68.9},"functions":{"total":9,"covered":5,"skipped":0,"pct":55.55},"statements":{"total":119,"covered":82,"skipped":0,"pct":68.9},"branches":{"total":6,"covered":5,"skipped":0,"pct":83.33}}
,"/Volumes/San/employee-performance-analyzer/services/validators/index.ts": {"lines":{"total":20,"covered":0,"skipped":0,"pct":0},"functions":{"total":1,"covered":0,"skipped":0,"pct":0},"statements":{"total":20,"covered":0,"skipped":0,"pct":0},"branches":{"total":1,"covered":0,"skipped":0,"pct":0}}
,"/Volumes/San/employee-performance-analyzer/test/data-validation-test.ts": {"lines":{"total":228,"covered":0,"skipped":0,"pct":0},"functions":{"total":1,"covered":0,"skipped":0,"pct":0},"statements":{"total":228,"covered":0,"skipped":0,"pct":0},"branches":{"total":1,"covered":0,"skipped":0,"pct":0}}
,"/Volumes/San/employee-performance-analyzer/test/enhanced-validation-test.ts": {"lines":{"total":211,"covered":0,"skipped":0,"pct":0},"functions":{"total":1,"covered":0,"skipped":0,"pct":0},"statements":{"total":211,"covered":0,"skipped":0,"pct":0},"branches":{"total":1,"covered":0,"skipped":0,"pct":0}}
,"/Volumes/San/employee-performance-analyzer/test/organizational-level-parsing-test.ts": {"lines":{"total":170,"covered":0,"skipped":0,"pct":0},"functions":{"total":1,"covered":0,"skipped":0,"pct":0},"statements":{"total":170,"covered":0,"skipped":0,"pct":0},"branches":{"total":1,"covered":0,"skipped":0,"pct":0}}
,"/Volumes/San/employee-performance-analyzer/test/fixtures/standalone2.js": {"lines":{"total":353,"covered":0,"skipped":0,"pct":0},"functions":{"total":1,"covered":0,"skipped":0,"pct":0},"statements":{"total":353,"covered":0,"skipped":0,"pct":0},"branches":{"total":1,"covered":0,"skipped":0,"pct":0}}
,"/Volumes/San/employee-performance-analyzer/utils/csvSecurity.ts": {"lines":{"total":25,"covered":0,"skipped":0,"pct":0},"functions":{"total":1,"covered":0,"skipped":0,"pct":0},"statements":{"total":25,"covered":0,"skipped":0,"pct":0},"branches":{"total":1,"covered":0,"skipped":0,"pct":0}}
,"/Volumes/San/employee-performance-analyzer/utils/csvUtils.ts": {"lines":{"total":133,"covered":117,"skipped":0,"pct":87.96},"functions":{"total":10,"covered":10,"skipped":0,"pct":100},"statements":{"total":133,"covered":117,"skipped":0,"pct":87.96},"branches":{"total":62,"covered":52,"skipped":0,"pct":83.87}}
,"/Volumes/San/employee-performance-analyzer/utils/dataRecoveryStrategies.ts": {"lines":{"total":171,"covered":0,"skipped":0,"pct":0},"functions":{"total":1,"covered":0,"skipped":0,"pct":0},"statements":{"total":171,"covered":0,"skipped":0,"pct":0},"branches":{"total":1,"covered":0,"skipped":0,"pct":0}}
,"/Volumes/San/employee-performance-analyzer/utils/dataValidationUtils.ts": {"lines":{"total":182,"covered":0,"skipped":0,"pct":0},"functions":{"total":1,"covered":0,"skipped":0,"pct":0},"statements":{"total":182,"covered":0,"skipped":0,"pct":0},"branches":{"total":1,"covered":0,"skipped":0,"pct":0}}
,"/Volumes/San/employee-performance-analyzer/utils/employeeDataUtils.ts": {"lines":{"total":304,"covered":244,"skipped":0,"pct":80.26},"functions":{"total":10,"covered":9,"skipped":0,"pct":90},"statements":{"total":304,"covered":244,"skipped":0,"pct":80.26},"branches":{"total":107,"covered":75,"skipped":0,"pct":70.09}}
,"/Volumes/San/employee-performance-analyzer/utils/errorMessages.ts": {"lines":{"total":144,"covered":0,"skipped":0,"pct":0},"functions":{"total":1,"covered":0,"skipped":0,"pct":0},"statements":{"total":144,"covered":0,"skipped":0,"pct":0},"branches":{"total":1,"covered":0,"skipped":0,"pct":0}}
,"/Volumes/San/employee-performance-analyzer/utils/integrityAnalysis.ts": {"lines":{"total":172,"covered":0,"skipped":0,"pct":0},"functions":{"total":1,"covered":0,"skipped":0,"pct":0},"statements":{"total":172,"covered":0,"skipped":0,"pct":0},"branches":{"total":1,"covered":0,"skipped":0,"pct":0}}
,"/Volumes/San/employee-performance-analyzer/utils/kpiCardUtils.ts": {"lines":{"total":59,"covered":0,"skipped":0,"pct":0},"functions":{"total":1,"covered":0,"skipped":0,"pct":0},"statements":{"total":59,"covered":0,"skipped":0,"pct":0},"branches":{"total":1,"covered":0,"skipped":0,"pct":0}}
,"/Volumes/San/employee-performance-analyzer/utils/organizationalLevels.ts": {"lines":{"total":764,"covered":447,"skipped":0,"pct":58.5},"functions":{"total":40,"covered":20,"skipped":0,"pct":50},"statements":{"total":764,"covered":447,"skipped":0,"pct":58.5},"branches":{"total":140,"covered":106,"skipped":0,"pct":75.71}}
,"/Volumes/San/employee-performance-analyzer/utils/performanceDataUtils.ts": {"lines":{"total":149,"covered":142,"skipped":0,"pct":95.3},"functions":{"total":8,"covered":8,"skipped":0,"pct":100},"statements":{"total":149,"covered":142,"skipped":0,"pct":95.3},"branches":{"total":47,"covered":39,"skipped":0,"pct":82.97}}
,"/Volumes/San/employee-performance-analyzer/utils/useResizeObserver.ts": {"lines":{"total":132,"covered":0,"skipped":0,"pct":0},"functions":{"total":1,"covered":0,"skipped":0,"pct":0},"statements":{"total":132,"covered":0,"skipped":0,"pct":0},"branches":{"total":1,"covered":0,"skipped":0,"pct":0}}
,"/Volumes/San/employee-performance-analyzer/utils/validationRules.ts": {"lines":{"total":294,"covered":0,"skipped":0,"pct":0},"functions":{"total":1,"covered":0,"skipped":0,"pct":0},"statements":{"total":294,"covered":0,"skipped":0,"pct":0},"branches":{"total":1,"covered":0,"skipped":0,"pct":0}}
}
